/data/SDS
/data/SDS/1997
/data/SDS/1997/MV
/data/SDS/1997/MV/MBBE
/data/SDS/1997/MV/MBBE/BHE.D
/data/SDS/1997/MV/MBBE/BHN.D
/data/SDS/1997/MV/MBBE/BHZ.D
/data/SDS/1997/MV/MBGA
/data/SDS/1997/MV/MBGA/BHE.D
/data/SDS/1997/MV/MBGA/BHN.D
/data/SDS/1997/MV/MBGA/BHZ.D
/data/SDS/1997/MV/MBGB
/data/SDS/1997/MV/MBGB/BHE.D
/data/SDS/1997/MV/MBGB/BHN.D
/data/SDS/1997/MV/MBGB/BHZ.D
/data/SDS/1997/MV/MBGE
/data/SDS/1997/MV/MBGE/BHE.D
/data/SDS/1997/MV/MBGE/BHN.D
/data/SDS/1997/MV/MBGE/BHZ.D
/data/SDS/1997/MV/MBGH
/data/SDS/1997/MV/MBGH/BHE.D
/data/SDS/1997/MV/MBGH/BHN.D
/data/SDS/1997/MV/MBGH/BHZ.D
/data/SDS/1997/MV/MBLG
/data/SDS/1997/MV/MBLG/SHZ.D
/data/SDS/1997/MV/MBRY
/data/SDS/1997/MV/MBRY/SHZ.D
/data/SDS/1997/MV/MBWH
/data/SDS/1997/MV/MBWH/SHZ.D
/data/SDS/1998
/data/SDS/1998/MV
/data/SDS/1998/MV/MBGB
/data/SDS/1998/MV/MBGB/BHE.D
/data/SDS/1998/MV/MBGB/BHN.D
/data/SDS/1998/MV/MBGB/BHZ.D
/data/SDS/1998/MV/MBGH
/data/SDS/1998/MV/MBGH/BHE.D
/data/SDS/1998/MV/MBGH/BHN.D
/data/SDS/1998/MV/MBGH/BHZ.D
/data/SDS/1998/MV/MBLG
/data/SDS/1998/MV/MBLG/SHZ.D
/data/SDS/1998/MV/MBMH
/data/SDS/1998/MV/MBMH/SHZ.D
/data/SDS/1998/MV/MBRY
/data/SDS/1998/MV/MBRY/BHE.D
/data/SDS/1998/MV/MBRY/BHN.D
/data/SDS/1998/MV/MBRY/BHZ.D
/data/SDS/1998/MV/MBSS
/data/SDS/1998/MV/MBSS/SHZ.D
/data/SDS/1998/MV/MBWH
/data/SDS/1998/MV/MBWH/SHZ.D
/data/SDS/1999
/data/SDS/1999/ADK
/data/SDS/1999/ADK/SHZ.D
/data/SDS/1999/AK
/data/SDS/1999/AK/AHB
/data/SDS/1999/AK/AHB/SHZ.D
/data/SDS/1999/AK/AKS
/data/SDS/1999/AK/AKS/SHE.D
/data/SDS/1999/AK/AKS/SHN.D
/data/SDS/1999/AK/AKS/SHZ.D
/data/SDS/1999/AK/AKV
/data/SDS/1999/AK/AKV/SHZ.D
/data/SDS/1999/AK/ANCK
/data/SDS/1999/AK/ANCK/SHZ.D
/data/SDS/1999/AK/ANIA
/data/SDS/1999/AK/ANIA/SHZ.D
/data/SDS/1999/AK/ANM
/data/SDS/1999/AK/ANM/SHZ.D
/data/SDS/1999/AK/ANNE
/data/SDS/1999/AK/ANNE/SHZ.D
/data/SDS/1999/AK/ANNW
/data/SDS/1999/AK/ANNW/SHZ.D
/data/SDS/1999/AK/AUH
/data/SDS/1999/AK/AUH/SHZ.D
/data/SDS/1999/AK/BAL
/data/SDS/1999/AK/BAL/SHZ.D
/data/SDS/1999/AK/BC03
/data/SDS/1999/AK/BC03/SHZ.D
/data/SDS/1999/AK/BCP
/data/SDS/1999/AK/BCP/SHZ.D
/data/SDS/1999/AK/BLDY
/data/SDS/1999/AK/BLDY/SHZ.D
/data/SDS/1999/AK/BLHA
/data/SDS/1999/AK/BLHA/SHZ.D
/data/SDS/1999/AK/BM03
/data/SDS/1999/AK/BM03/SHZ.D
/data/SDS/1999/AK/BRLK
/data/SDS/1999/AK/BRLK/SHZ.D
/data/SDS/1999/AK/BRPK
/data/SDS/1999/AK/BRPK/SHZ.D
/data/SDS/1999/AK/BRW
/data/SDS/1999/AK/BRW/SHZ.D
/data/SDS/1999/AK/BWN
/data/SDS/1999/AK/BWN/SHZ.D
/data/SDS/1999/AK/CDD
/data/SDS/1999/AK/CDD/SHZ.D
/data/SDS/1999/AK/CFI
/data/SDS/1999/AK/CFI/SHZ.D
/data/SDS/1999/AK/CHX
/data/SDS/1999/AK/CHX/SHZ.D
/data/SDS/1999/AK/CNP
/data/SDS/1999/AK/CNP/SHZ.D
/data/SDS/1999/AK/CNTC
/data/SDS/1999/AK/CNTC/SHZ.D
/data/SDS/1999/AK/CTG
/data/SDS/1999/AK/CTG/SHZ.D
/data/SDS/1999/AK/CVA
/data/SDS/1999/AK/CVA/SHZ.D
/data/SDS/1999/AK/DFR
/data/SDS/1999/AK/DFR/SHZ.D
/data/SDS/1999/AK/DOL
/data/SDS/1999/AK/DOL/SHZ.D
/data/SDS/1999/AK/DRR3
/data/SDS/1999/AK/DRR3/SHZ.D
/data/SDS/1999/AK/DT1
/data/SDS/1999/AK/DT1/SHZ.D
/data/SDS/1999/AK/DTN
/data/SDS/1999/AK/DTN/SHZ.D
/data/SDS/1999/AK/FIB
/data/SDS/1999/AK/FIB/BHE.D
/data/SDS/1999/AK/FIB/BHN.D
/data/SDS/1999/AK/FIB/BHZ.D
/data/SDS/1999/AK/FID
/data/SDS/1999/AK/FID/SHZ.D
/data/SDS/1999/AK/FYU
/data/SDS/1999/AK/FYU/SHZ.D
/data/SDS/1999/AK/GLB
/data/SDS/1999/AK/GLB/SHE.D
/data/SDS/1999/AK/GLB/SHN.D
/data/SDS/1999/AK/GLB/SHZ.D
/data/SDS/1999/AK/HAG
/data/SDS/1999/AK/HAG/SHZ.D
/data/SDS/1999/AK/HDA
/data/SDS/1999/AK/HDA/SHZ.D
/data/SDS/1999/AK/HMT
/data/SDS/1999/AK/HMT/SHZ.D
/data/SDS/1999/AK/HSB
/data/SDS/1999/AK/HSB/SHZ.D
/data/SDS/1999/AK/IL01
/data/SDS/1999/AK/IL01/SHZ.D
/data/SDS/1999/AK/ILBB
/data/SDS/1999/AK/ILBB/SHE.D
/data/SDS/1999/AK/ILBB/SHN.D
/data/SDS/1999/AK/ILBB/SHZ.D
/data/SDS/1999/AK/INE
/data/SDS/1999/AK/INE/SHZ.D
/data/SDS/1999/AK/ISNN
/data/SDS/1999/AK/ISNN/SHZ.D
/data/SDS/1999/AK/ISTK
/data/SDS/1999/AK/ISTK/SHZ.D
/data/SDS/1999/AK/IVE
/data/SDS/1999/AK/IVE/SHE.D
/data/SDS/1999/AK/IVE/SHN.D
/data/SDS/1999/AK/IVE/SHZ.D
/data/SDS/1999/AK/JPK
/data/SDS/1999/AK/JPK/SHZ.D
/data/SDS/1999/AK/KAHG
/data/SDS/1999/AK/KAHG/SHZ.D
/data/SDS/1999/AK/KAIC
/data/SDS/1999/AK/KAIC/SHZ.D
/data/SDS/1999/AK/KARR
/data/SDS/1999/AK/KARR/SHZ.D
/data/SDS/1999/AK/KCG
/data/SDS/1999/AK/KCG/SHE.D
/data/SDS/1999/AK/KCG/SHN.D
/data/SDS/1999/AK/KCG/SHZ.D
/data/SDS/1999/AK/KEL
/data/SDS/1999/AK/KEL/SHZ.D
/data/SDS/1999/AK/KLU
/data/SDS/1999/AK/KLU/SHZ.D
/data/SDS/1999/AK/KNK
/data/SDS/1999/AK/KNK/SHZ.D
/data/SDS/1999/AK/KTH
/data/SDS/1999/AK/KTH/SHZ.D
/data/SDS/1999/AK/LVA
/data/SDS/1999/AK/LVA/SHZ.D
/data/SDS/1999/AK/MCIR
/data/SDS/1999/AK/MCIR/SHZ.D
/data/SDS/1999/AK/MCK
/data/SDS/1999/AK/MCK/BHE.D
/data/SDS/1999/AK/MCK/BHN.D
/data/SDS/1999/AK/MCK/BHZ.D
/data/SDS/1999/AK/MCK/SHZ.D
/data/SDS/1999/AK/MDM
/data/SDS/1999/AK/MDM/SHZ.D
/data/SDS/1999/AK/MGOD
/data/SDS/1999/AK/MGOD/SHZ.D
/data/SDS/1999/AK/MNAT
/data/SDS/1999/AK/MNAT/SHZ.D
/data/SDS/1999/AK/MSOM
/data/SDS/1999/AK/MSOM/SHZ.D
/data/SDS/1999/AK/MSP
/data/SDS/1999/AK/MSP/SHZ.D
/data/SDS/1999/AK/MSW
/data/SDS/1999/AK/MSW/SHE.D
/data/SDS/1999/AK/MSW/SHN.D
/data/SDS/1999/AK/MSW/SHZ.D
/data/SDS/1999/AK/MTBL
/data/SDS/1999/AK/MTBL/SHZ.D
/data/SDS/1999/AK/NAG
/data/SDS/1999/AK/NAG/SHZ.D
/data/SDS/1999/AK/NCT
/data/SDS/1999/AK/NCT/SHZ.D
/data/SDS/1999/AK/PAX
/data/SDS/1999/AK/PAX/SHZ.D
/data/SDS/1999/AK/PDB
/data/SDS/1999/AK/PDB/SHZ.D
/data/SDS/1999/AK/PIN
/data/SDS/1999/AK/PIN/SHZ.D
/data/SDS/1999/AK/PN7A
/data/SDS/1999/AK/PN7A/SHZ.D
/data/SDS/1999/AK/PPD
/data/SDS/1999/AK/PPD/SHZ.D
/data/SDS/1999/AK/PS1A
/data/SDS/1999/AK/PS1A/SHZ.D
/data/SDS/1999/AK/PS4A
/data/SDS/1999/AK/PS4A/SHZ.D
/data/SDS/1999/AK/PV6
/data/SDS/1999/AK/PV6/SHE.D
/data/SDS/1999/AK/PV6/SHN.D
/data/SDS/1999/AK/PV6/SHZ.D
/data/SDS/1999/AK/PVV
/data/SDS/1999/AK/PVV/SHZ.D
/data/SDS/1999/AK/PWL
/data/SDS/1999/AK/PWL/SHZ.D
/data/SDS/1999/AK/RAG
/data/SDS/1999/AK/RAG/SHZ.D
/data/SDS/1999/AK/RDN
/data/SDS/1999/AK/RDN/SHZ.D
/data/SDS/1999/AK/RED
/data/SDS/1999/AK/RED/SHE.D
/data/SDS/1999/AK/RED/SHN.D
/data/SDS/1999/AK/RED/SHZ.D
/data/SDS/1999/AK/SDG
/data/SDS/1999/AK/SDG/SHZ.D
/data/SDS/1999/AK/SSLN
/data/SDS/1999/AK/SSLN/SHZ.D
/data/SDS/1999/AK/SSLS
/data/SDS/1999/AK/SSLS/SHE.D
/data/SDS/1999/AK/SSLS/SHN.D
/data/SDS/1999/AK/SSLS/SHZ.D
/data/SDS/1999/AK/SSLW
/data/SDS/1999/AK/SSLW/SHZ.D
/data/SDS/1999/AK/SSP
/data/SDS/1999/AK/SSP/SHZ.D
/data/SDS/1999/AK/SYI
/data/SDS/1999/AK/SYI/SHZ.D
/data/SDS/1999/AK/TGL
/data/SDS/1999/AK/TGL/SHZ.D
/data/SDS/1999/AK/TNA
/data/SDS/1999/AK/TNA/BHE.D
/data/SDS/1999/AK/TNA/BHN.D
/data/SDS/1999/AK/TNA/BHZ.D
/data/SDS/1999/AK/TRF
/data/SDS/1999/AK/TRF/SHZ.D
/data/SDS/1999/AK/TT01
/data/SDS/1999/AK/TT01/SHZ.D
/data/SDS/1999/AK/UNV
/data/SDS/1999/AK/UNV/BHE.D
/data/SDS/1999/AK/UNV/BHN.D
/data/SDS/1999/AK/UNV/BHZ.D
/data/SDS/1999/AK/VLZ
/data/SDS/1999/AK/VLZ/SHE.D
/data/SDS/1999/AK/VLZ/SHN.D
/data/SDS/1999/AK/VLZ/SHZ.D
/data/SDS/1999/AK/WESE
/data/SDS/1999/AK/WESE/SHZ.D
/data/SDS/1999/AK/WESN
/data/SDS/1999/AK/WESN/SHZ.D
/data/SDS/1999/AK/WESS
/data/SDS/1999/AK/WESS/SHE.D
/data/SDS/1999/AK/WESS/SHN.D
/data/SDS/1999/AK/WESS/SHZ.D
/data/SDS/1999/AK/WFAR
/data/SDS/1999/AK/WFAR/SHZ.D
/data/SDS/1999/AK/WPOG
/data/SDS/1999/AK/WPOG/SHZ.D
/data/SDS/1999/AK/WTUG
/data/SDS/1999/AK/WTUG/SHZ.D
/data/SDS/1999/AK/ZRO
/data/SDS/1999/AK/ZRO/SHZ.D
/data/SDS/1999/ANCK
/data/SDS/1999/ANCK/SHZ.D
/data/SDS/1999/AT
/data/SDS/1999/AT/ADK
/data/SDS/1999/AT/ADK/SHZ.D
/data/SDS/1999/AT/KDC
/data/SDS/1999/AT/KDC/SHZ.D
/data/SDS/1999/AT/PMS
/data/SDS/1999/AT/PMS/SHZ.D
/data/SDS/1999/AT/PWA
/data/SDS/1999/AT/PWA/SHZ.D
/data/SDS/1999/AT/SDN
/data/SDS/1999/AT/SDN/SHZ.D
/data/SDS/1999/AT/SIT
/data/SDS/1999/AT/SIT/BHE.D
/data/SDS/1999/AT/SIT/BHN.D
/data/SDS/1999/AT/SIT/BHZ.D
/data/SDS/1999/AT/SIT/SHZ.D
/data/SDS/1999/AT/SVW
/data/SDS/1999/AT/SVW/SHZ.D
/data/SDS/1999/AT/TTA
/data/SDS/1999/AT/TTA/SHZ.D
/data/SDS/1999/AUH
/data/SDS/1999/AUH/SHZ.D
/data/SDS/1999/BAL
/data/SDS/1999/BAL/SHZ.D
/data/SDS/1999/BC03
/data/SDS/1999/BC03/SHZ.D
/data/SDS/1999/BCP
/data/SDS/1999/BCP/SHZ.D
/data/SDS/1999/BM03
/data/SDS/1999/BM03/SHZ.D
/data/SDS/1999/BRLK
/data/SDS/1999/BRLK/SHZ.D
/data/SDS/1999/BWN
/data/SDS/1999/BWN/SHZ.D
/data/SDS/1999/CDD
/data/SDS/1999/CDD/SHZ.D
/data/SDS/1999/CFI
/data/SDS/1999/CFI/SHZ.D
/data/SDS/1999/CHX
/data/SDS/1999/CHX/SHZ.D
/data/SDS/1999/CNP
/data/SDS/1999/CNP/SHZ.D
/data/SDS/1999/CNTC
/data/SDS/1999/CNTC/SHZ.D
/data/SDS/1999/CTG
/data/SDS/1999/CTG/SHZ.D
/data/SDS/1999/CVA
/data/SDS/1999/CVA/SHZ.D
/data/SDS/1999/DFR
/data/SDS/1999/DFR/SHZ.D
/data/SDS/1999/FIB
/data/SDS/1999/FIB/BHE.D
/data/SDS/1999/FIB/BHN.D
/data/SDS/1999/FIB/BHZ.D
/data/SDS/1999/FID
/data/SDS/1999/FID/SHZ.D
/data/SDS/1999/FYU
/data/SDS/1999/FYU/SHZ.D
/data/SDS/1999/GLB
/data/SDS/1999/GLB/SHE.D
/data/SDS/1999/GLB/SHN.D
/data/SDS/1999/GLB/SHZ.D
/data/SDS/1999/HDA
/data/SDS/1999/HDA/SHZ.D
/data/SDS/1999/HMT
/data/SDS/1999/HMT/SHZ.D
/data/SDS/1999/IL01
/data/SDS/1999/IL01/SHZ.D
/data/SDS/1999/ILBB
/data/SDS/1999/ILBB/SHE.D
/data/SDS/1999/ILBB/SHN.D
/data/SDS/1999/ILBB/SHZ.D
/data/SDS/1999/INE
/data/SDS/1999/INE/SHZ.D
/data/SDS/1999/IU
/data/SDS/1999/IU/ADK
/data/SDS/1999/IU/ADK/BHE.D
/data/SDS/1999/IU/ADK/BHN.D
/data/SDS/1999/IU/ADK/BHZ.D
/data/SDS/1999/KCG
/data/SDS/1999/KCG/SHE.D
/data/SDS/1999/KCG/SHN.D
/data/SDS/1999/KCG/SHZ.D
/data/SDS/1999/KDC
/data/SDS/1999/KDC/SHZ.D
/data/SDS/1999/KEL
/data/SDS/1999/KEL/SHZ.D
/data/SDS/1999/KLU
/data/SDS/1999/KLU/SHZ.D
/data/SDS/1999/KNK
/data/SDS/1999/KNK/SHZ.D
/data/SDS/1999/KTH
/data/SDS/1999/KTH/SHZ.D
/data/SDS/1999/MCK
/data/SDS/1999/MCK/BHE.D
/data/SDS/1999/MCK/BHN.D
/data/SDS/1999/MCK/BHZ.D
/data/SDS/1999/MCK/SHZ.D
/data/SDS/1999/MDM
/data/SDS/1999/MDM/SHZ.D
/data/SDS/1999/MSP
/data/SDS/1999/MSP/SHZ.D
/data/SDS/1999/NCT
/data/SDS/1999/NCT/SHZ.D
/data/SDS/1999/PAX
/data/SDS/1999/PAX/SHZ.D
/data/SDS/1999/PDB
/data/SDS/1999/PDB/SHZ.D
/data/SDS/1999/PIN
/data/SDS/1999/PIN/SHZ.D
/data/SDS/1999/PMS
/data/SDS/1999/PMS/SHZ.D
/data/SDS/1999/PPD
/data/SDS/1999/PPD/SHZ.D
/data/SDS/1999/PWL
/data/SDS/1999/PWL/SHZ.D
/data/SDS/1999/RAG
/data/SDS/1999/RAG/SHZ.D
/data/SDS/1999/RDN
/data/SDS/1999/RDN/SHZ.D
/data/SDS/1999/RED
/data/SDS/1999/RED/SHE.D
/data/SDS/1999/RED/SHN.D
/data/SDS/1999/RED/SHZ.D
/data/SDS/1999/SDG
/data/SDS/1999/SDG/SHZ.D
/data/SDS/1999/SIT
/data/SDS/1999/SIT/SHZ.D
/data/SDS/1999/SSP
/data/SDS/1999/SSP/SHZ.D
/data/SDS/1999/SVW
/data/SDS/1999/SVW/SHZ.D
/data/SDS/1999/SYI
/data/SDS/1999/SYI/SHZ.D
/data/SDS/1999/TGL
/data/SDS/1999/TGL/SHZ.D
/data/SDS/1999/TRF
/data/SDS/1999/TRF/SHZ.D
/data/SDS/1999/TT01
/data/SDS/1999/TT01/SHZ.D
/data/SDS/1999/TTA
/data/SDS/1999/TTA/SHZ.D
/data/SDS/1999/UNV
/data/SDS/1999/UNV/BHE.D
/data/SDS/1999/UNV/BHN.D
/data/SDS/1999/UNV/BHZ.D
/data/SDS/1999/VLZ
/data/SDS/1999/VLZ/SHE.D
/data/SDS/1999/VLZ/SHN.D
/data/SDS/1999/VLZ/SHZ.D
/data/SDS/2000
/data/SDS/2000/AK
/data/SDS/2000/AK/AHB
/data/SDS/2000/AK/AHB/SHZ.D
/data/SDS/2000/AK/AKS
/data/SDS/2000/AK/AKS/SHE.D
/data/SDS/2000/AK/AKS/SHN.D
/data/SDS/2000/AK/AKS/SHZ.D
/data/SDS/2000/AK/AKV
/data/SDS/2000/AK/AKV/SHZ.D
/data/SDS/2000/AK/ANCK
/data/SDS/2000/AK/ANCK/SHZ.D
/data/SDS/2000/AK/ANIA
/data/SDS/2000/AK/ANIA/SHZ.D
/data/SDS/2000/AK/ANM
/data/SDS/2000/AK/ANM/SHZ.D
/data/SDS/2000/AK/ANNE
/data/SDS/2000/AK/ANNE/SHZ.D
/data/SDS/2000/AK/ANNW
/data/SDS/2000/AK/ANNW/SHZ.D
/data/SDS/2000/AK/AUH
/data/SDS/2000/AK/AUH/SHZ.D
/data/SDS/2000/AK/BAL
/data/SDS/2000/AK/BAL/SHZ.D
/data/SDS/2000/AK/BC03
/data/SDS/2000/AK/BC03/SHZ.D
/data/SDS/2000/AK/BCP
/data/SDS/2000/AK/BCP/SHZ.D
/data/SDS/2000/AK/BLDY
/data/SDS/2000/AK/BLDY/SHZ.D
/data/SDS/2000/AK/BLHA
/data/SDS/2000/AK/BLHA/SHZ.D
/data/SDS/2000/AK/BM03
/data/SDS/2000/AK/BM03/SHZ.D
/data/SDS/2000/AK/BRLK
/data/SDS/2000/AK/BRLK/SHZ.D
/data/SDS/2000/AK/BRPK
/data/SDS/2000/AK/BRPK/SHZ.D
/data/SDS/2000/AK/BRW
/data/SDS/2000/AK/BRW/SHZ.D
/data/SDS/2000/AK/BWN
/data/SDS/2000/AK/BWN/SHZ.D
/data/SDS/2000/AK/CDD
/data/SDS/2000/AK/CDD/SHZ.D
/data/SDS/2000/AK/CFI
/data/SDS/2000/AK/CFI/SHZ.D
/data/SDS/2000/AK/CHX
/data/SDS/2000/AK/CHX/SHZ.D
/data/SDS/2000/AK/CNP
/data/SDS/2000/AK/CNP/SHZ.D
/data/SDS/2000/AK/CNTC
/data/SDS/2000/AK/CNTC/SHZ.D
/data/SDS/2000/AK/CTG
/data/SDS/2000/AK/CTG/SHZ.D
/data/SDS/2000/AK/CVA
/data/SDS/2000/AK/CVA/SHZ.D
/data/SDS/2000/AK/DFR
/data/SDS/2000/AK/DFR/SHZ.D
/data/SDS/2000/AK/DOL
/data/SDS/2000/AK/DOL/SHZ.D
/data/SDS/2000/AK/DRR3
/data/SDS/2000/AK/DRR3/SHZ.D
/data/SDS/2000/AK/DT1
/data/SDS/2000/AK/DT1/SHZ.D
/data/SDS/2000/AK/DTN
/data/SDS/2000/AK/DTN/SHZ.D
/data/SDS/2000/AK/FIB
/data/SDS/2000/AK/FIB/BHE.D
/data/SDS/2000/AK/FIB/BHN.D
/data/SDS/2000/AK/FIB/BHZ.D
/data/SDS/2000/AK/FID
/data/SDS/2000/AK/FID/SHZ.D
/data/SDS/2000/AK/FYU
/data/SDS/2000/AK/FYU/SHZ.D
/data/SDS/2000/AK/GLB
/data/SDS/2000/AK/GLB/SHE.D
/data/SDS/2000/AK/GLB/SHN.D
/data/SDS/2000/AK/GLB/SHZ.D
/data/SDS/2000/AK/HAG
/data/SDS/2000/AK/HAG/SHZ.D
/data/SDS/2000/AK/HDA
/data/SDS/2000/AK/HDA/SHZ.D
/data/SDS/2000/AK/HMT
/data/SDS/2000/AK/HMT/SHZ.D
/data/SDS/2000/AK/HSB
/data/SDS/2000/AK/HSB/SHZ.D
/data/SDS/2000/AK/IL01
/data/SDS/2000/AK/IL01/SHZ.D
/data/SDS/2000/AK/ILBB
/data/SDS/2000/AK/ILBB/SHE.D
/data/SDS/2000/AK/ILBB/SHN.D
/data/SDS/2000/AK/ILBB/SHZ.D
/data/SDS/2000/AK/INE
/data/SDS/2000/AK/INE/SHZ.D
/data/SDS/2000/AK/ISNN
/data/SDS/2000/AK/ISNN/SHZ.D
/data/SDS/2000/AK/ISTK
/data/SDS/2000/AK/ISTK/SHZ.D
/data/SDS/2000/AK/IVE
/data/SDS/2000/AK/IVE/SHE.D
/data/SDS/2000/AK/IVE/SHN.D
/data/SDS/2000/AK/IVE/SHZ.D
/data/SDS/2000/AK/JPK
/data/SDS/2000/AK/JPK/SHZ.D
/data/SDS/2000/AK/KAHG
/data/SDS/2000/AK/KAHG/SHZ.D
/data/SDS/2000/AK/KAIC
/data/SDS/2000/AK/KAIC/SHZ.D
/data/SDS/2000/AK/KARR
/data/SDS/2000/AK/KARR/SHZ.D
/data/SDS/2000/AK/KCG
/data/SDS/2000/AK/KCG/SHE.D
/data/SDS/2000/AK/KCG/SHN.D
/data/SDS/2000/AK/KCG/SHZ.D
/data/SDS/2000/AK/KEL
/data/SDS/2000/AK/KEL/SHZ.D
/data/SDS/2000/AK/KLU
/data/SDS/2000/AK/KLU/SHZ.D
/data/SDS/2000/AK/KNK
/data/SDS/2000/AK/KNK/SHZ.D
/data/SDS/2000/AK/KTH
/data/SDS/2000/AK/KTH/SHZ.D
/data/SDS/2000/AK/MCIR
/data/SDS/2000/AK/MCIR/SHZ.D
/data/SDS/2000/AK/MCK
/data/SDS/2000/AK/MCK/BHE.D
/data/SDS/2000/AK/MCK/BHN.D
/data/SDS/2000/AK/MCK/BHZ.D
/data/SDS/2000/AK/MCK/SHZ.D
/data/SDS/2000/AK/MDM
/data/SDS/2000/AK/MDM/SHZ.D
/data/SDS/2000/AK/MGOD
/data/SDS/2000/AK/MGOD/SHZ.D
/data/SDS/2000/AK/MNAT
/data/SDS/2000/AK/MNAT/SHZ.D
/data/SDS/2000/AK/MSOM
/data/SDS/2000/AK/MSOM/SHZ.D
/data/SDS/2000/AK/MSP
/data/SDS/2000/AK/MSP/SHZ.D
/data/SDS/2000/AK/MSW
/data/SDS/2000/AK/MSW/SHE.D
/data/SDS/2000/AK/MSW/SHN.D
/data/SDS/2000/AK/MSW/SHZ.D
/data/SDS/2000/AK/MTBL
/data/SDS/2000/AK/MTBL/SHZ.D
/data/SDS/2000/AK/NAG
/data/SDS/2000/AK/NAG/SHZ.D
/data/SDS/2000/AK/NCT
/data/SDS/2000/AK/NCT/SHZ.D
/data/SDS/2000/AK/PAX
/data/SDS/2000/AK/PAX/SHZ.D
/data/SDS/2000/AK/PDB
/data/SDS/2000/AK/PDB/SHZ.D
/data/SDS/2000/AK/PIN
/data/SDS/2000/AK/PIN/SHZ.D
/data/SDS/2000/AK/PN7A
/data/SDS/2000/AK/PN7A/SHZ.D
/data/SDS/2000/AK/PPD
/data/SDS/2000/AK/PPD/SHZ.D
/data/SDS/2000/AK/PS1A
/data/SDS/2000/AK/PS1A/SHZ.D
/data/SDS/2000/AK/PS4A
/data/SDS/2000/AK/PS4A/SHZ.D
/data/SDS/2000/AK/PV6
/data/SDS/2000/AK/PV6/SHE.D
/data/SDS/2000/AK/PV6/SHN.D
/data/SDS/2000/AK/PV6/SHZ.D
/data/SDS/2000/AK/PVV
/data/SDS/2000/AK/PVV/SHZ.D
/data/SDS/2000/AK/PWL
/data/SDS/2000/AK/PWL/SHZ.D
/data/SDS/2000/AK/RAG
/data/SDS/2000/AK/RAG/SHZ.D
/data/SDS/2000/AK/RDN
/data/SDS/2000/AK/RDN/SHZ.D
/data/SDS/2000/AK/RED
/data/SDS/2000/AK/RED/SHE.D
/data/SDS/2000/AK/RED/SHN.D
/data/SDS/2000/AK/RED/SHZ.D
/data/SDS/2000/AK/SDG
/data/SDS/2000/AK/SDG/SHZ.D
/data/SDS/2000/AK/SSLN
/data/SDS/2000/AK/SSLN/SHZ.D
/data/SDS/2000/AK/SSLS
/data/SDS/2000/AK/SSLS/SHE.D
/data/SDS/2000/AK/SSLS/SHN.D
/data/SDS/2000/AK/SSLS/SHZ.D
/data/SDS/2000/AK/SSLW
/data/SDS/2000/AK/SSLW/SHZ.D
/data/SDS/2000/AK/SSP
/data/SDS/2000/AK/SSP/SHZ.D
/data/SDS/2000/AK/SYI
/data/SDS/2000/AK/SYI/SHZ.D
/data/SDS/2000/AK/TGL
/data/SDS/2000/AK/TGL/SHZ.D
/data/SDS/2000/AK/TRF
/data/SDS/2000/AK/TRF/SHZ.D
/data/SDS/2000/AK/TT01
/data/SDS/2000/AK/TT01/SHZ.D
/data/SDS/2000/AK/UNV
/data/SDS/2000/AK/UNV/BHE.D
/data/SDS/2000/AK/UNV/BHN.D
/data/SDS/2000/AK/UNV/BHZ.D
/data/SDS/2000/AK/VLZ
/data/SDS/2000/AK/VLZ/SHE.D
/data/SDS/2000/AK/VLZ/SHN.D
/data/SDS/2000/AK/VLZ/SHZ.D
/data/SDS/2000/AK/WESE
/data/SDS/2000/AK/WESE/SHZ.D
/data/SDS/2000/AK/WESN
/data/SDS/2000/AK/WESN/SHZ.D
/data/SDS/2000/AK/WESS
/data/SDS/2000/AK/WESS/SHE.D
/data/SDS/2000/AK/WESS/SHN.D
/data/SDS/2000/AK/WESS/SHZ.D
/data/SDS/2000/AK/WFAR
/data/SDS/2000/AK/WFAR/SHZ.D
/data/SDS/2000/AK/WPOG
/data/SDS/2000/AK/WPOG/SHZ.D
/data/SDS/2000/AK/WTUG
/data/SDS/2000/AK/WTUG/SHZ.D
/data/SDS/2000/AK/ZRO
/data/SDS/2000/AK/ZRO/SHZ.D
/data/SDS/2000/AT
/data/SDS/2000/AT/ADK
/data/SDS/2000/AT/ADK/SHZ.D
/data/SDS/2000/AT/KDC
/data/SDS/2000/AT/KDC/SHZ.D
/data/SDS/2000/AT/PMS
/data/SDS/2000/AT/PMS/SHZ.D
/data/SDS/2000/AT/PWA
/data/SDS/2000/AT/PWA/SHZ.D
/data/SDS/2000/AT/SDN
/data/SDS/2000/AT/SDN/SHZ.D
/data/SDS/2000/AT/SIT
/data/SDS/2000/AT/SIT/BHE.D
/data/SDS/2000/AT/SIT/BHN.D
/data/SDS/2000/AT/SIT/BHZ.D
/data/SDS/2000/AT/SIT/SHZ.D
/data/SDS/2000/AT/SVW
/data/SDS/2000/AT/SVW/SHZ.D
/data/SDS/2000/AT/TTA
/data/SDS/2000/AT/TTA/SHZ.D
/data/SDS/2000/IU
/data/SDS/2000/IU/ADK
/data/SDS/2000/IU/ADK/BHE.D
/data/SDS/2000/IU/ADK/BHN.D
/data/SDS/2000/IU/ADK/BHZ.D
/data/SDS/2000/MV
/data/SDS/2000/MV/MBBY
/data/SDS/2000/MV/MBBY/BHE.D
/data/SDS/2000/MV/MBBY/BHN.D
/data/SDS/2000/MV/MBBY/BHZ.D
/data/SDS/2000/MV/MBGB
/data/SDS/2000/MV/MBGB/BHE.D
/data/SDS/2000/MV/MBGB/BHN.D
/data/SDS/2000/MV/MBGB/BHZ.D
/data/SDS/2000/MV/MBGH
/data/SDS/2000/MV/MBGH/BHE.D
/data/SDS/2000/MV/MBGH/BHN.D
/data/SDS/2000/MV/MBGH/BHZ.D
/data/SDS/2000/MV/MBLG
/data/SDS/2000/MV/MBLG/BDO.D
/data/SDS/2000/MV/MBLG/SHZ.D
/data/SDS/2000/MV/MBMH
/data/SDS/2000/MV/MBMH/SHE.D
/data/SDS/2000/MV/MBMH/SHN.D
/data/SDS/2000/MV/MBMH/SHZ.D
/data/SDS/2000/MV/MBRY
/data/SDS/2000/MV/MBRY/BHE.D
/data/SDS/2000/MV/MBRY/BHN.D
/data/SDS/2000/MV/MBRY/BHZ.D
/data/SDS/2000/MV/MBSS
/data/SDS/2000/MV/MBSS/SHZ.D
/data/SDS/2000/MV/MBWH
/data/SDS/2000/MV/MBWH/SHZ.D
/data/SDS/2001
/data/SDS/2001/MV
/data/SDS/2001/MV/MBBY
/data/SDS/2001/MV/MBBY/BHE.D
/data/SDS/2001/MV/MBBY/BHN.D
/data/SDS/2001/MV/MBBY/BHZ.D
/data/SDS/2001/MV/MBGB
/data/SDS/2001/MV/MBGB/BHE.D
/data/SDS/2001/MV/MBGB/BHN.D
/data/SDS/2001/MV/MBGB/BHZ.D
/data/SDS/2001/MV/MBGH
/data/SDS/2001/MV/MBGH/BHE.D
/data/SDS/2001/MV/MBGH/BHN.D
/data/SDS/2001/MV/MBGH/BHZ.D
/data/SDS/2001/MV/MBLG
/data/SDS/2001/MV/MBLG/BDO.D
/data/SDS/2001/MV/MBLG/SHZ.D
/data/SDS/2001/MV/MBMH
/data/SDS/2001/MV/MBMH/SHE.D
/data/SDS/2001/MV/MBMH/SHN.D
/data/SDS/2001/MV/MBMH/SHZ.D
/data/SDS/2001/MV/MBRY
/data/SDS/2001/MV/MBRY/BHE.D
/data/SDS/2001/MV/MBRY/BHN.D
/data/SDS/2001/MV/MBRY/BHZ.D
/data/SDS/2001/MV/MBSS
/data/SDS/2001/MV/MBSS/SHZ.D
/data/SDS/2001/MV/MBWH
/data/SDS/2001/MV/MBWH/SHZ.D
/data/SDS/2002
/data/SDS/2002/MV
/data/SDS/2002/MV/MBWH
/data/SDS/2002/MV/MBWH/SHZ.D
/data/SDS/2003
/data/SDS/2003/MV
/data/SDS/2003/MV/MBGB
/data/SDS/2003/MV/MBGB/BHE.D
/data/SDS/2003/MV/MBGB/BHN.D
/data/SDS/2003/MV/MBGB/BHZ.D
/data/SDS/2003/MV/MBGH
/data/SDS/2003/MV/MBGH/BHE.D
/data/SDS/2003/MV/MBGH/BHN.D
/data/SDS/2003/MV/MBGH/BHZ.D
/data/SDS/2003/MV/MBLG
/data/SDS/2003/MV/MBLG/APS.D
/data/SDS/2003/MV/MBLG/SHZ.D
/data/SDS/2003/MV/MBLY
/data/SDS/2003/MV/MBLY/BHE.D
/data/SDS/2003/MV/MBLY/BHN.D
/data/SDS/2003/MV/MBLY/BHZ.D
/data/SDS/2003/MV/MBRV
/data/SDS/2003/MV/MBRV/SHZ.D
/data/SDS/2003/MV/MBRY
/data/SDS/2003/MV/MBRY/BHE.D
/data/SDS/2003/MV/MBRY/BHN.D
/data/SDS/2003/MV/MBRY/BHZ.D
/data/SDS/2003/MV/MBSS
/data/SDS/2003/MV/MBSS/SHZ.D
/data/SDS/2003/MV/MBWH
/data/SDS/2003/MV/MBWH/SHZ.D
/data/SDS/2004
/data/SDS/2004/AK
/data/SDS/2004/AK/AHB
/data/SDS/2004/AK/AHB/SHZ.D
/data/SDS/2004/AK/AKS
/data/SDS/2004/AK/AKS/SHE.D
/data/SDS/2004/AK/AKS/SHN.D
/data/SDS/2004/AK/AKS/SHZ.D
/data/SDS/2004/AK/BLDY
/data/SDS/2004/AK/BLDY/SHZ.D
/data/SDS/2004/AK/BLHA
/data/SDS/2004/AK/BLHA/SHZ.D
/data/SDS/2004/AK/BRPK
/data/SDS/2004/AK/BRPK/SHZ.D
/data/SDS/2004/AK/DOL
/data/SDS/2004/AK/DOL/SHZ.D
/data/SDS/2004/AK/DRR3
/data/SDS/2004/AK/DRR3/SHZ.D
/data/SDS/2004/AK/DT1
/data/SDS/2004/AK/DT1/SHZ.D
/data/SDS/2004/AK/DTN
/data/SDS/2004/AK/DTN/SHZ.D
/data/SDS/2004/AK/FALS
/data/SDS/2004/AK/FALS/BHE.D
/data/SDS/2004/AK/FALS/BHN.D
/data/SDS/2004/AK/FALS/BHZ.D
/data/SDS/2004/AK/HAG
/data/SDS/2004/AK/HAG/SHZ.D
/data/SDS/2004/AK/ISNN
/data/SDS/2004/AK/ISNN/SHZ.D
/data/SDS/2004/AK/ISTK
/data/SDS/2004/AK/ISTK/SHZ.D
/data/SDS/2004/AK/MNAT
/data/SDS/2004/AK/MNAT/SHZ.D
/data/SDS/2004/AK/MREP
/data/SDS/2004/AK/MREP/SHZ.D
/data/SDS/2004/AK/MSW
/data/SDS/2004/AK/MSW/SHE.D
/data/SDS/2004/AK/MSW/SHN.D
/data/SDS/2004/AK/MSW/SHZ.D
/data/SDS/2004/AK/PN7A
/data/SDS/2004/AK/PN7A/BDF.D
/data/SDS/2004/AK/PN7A/SHZ.D
/data/SDS/2004/AK/PVV
/data/SDS/2004/AK/PVV/SHZ.D
/data/SDS/2004/AK/SSLN
/data/SDS/2004/AK/SSLN/BDF.D
/data/SDS/2004/AK/SSLN/SHZ.D
/data/SDS/2004/AK/SSLS
/data/SDS/2004/AK/SSLS/SHE.D
/data/SDS/2004/AK/SSLS/SHN.D
/data/SDS/2004/AK/SSLS/SHZ.D
/data/SDS/2004/AK/SSLW
/data/SDS/2004/AK/SSLW/SHZ.D
/data/SDS/2004/AK/UNV
/data/SDS/2004/AK/UNV/BHE.D
/data/SDS/2004/AK/UNV/BHN.D
/data/SDS/2004/AK/UNV/BHZ.D
/data/SDS/2004/AK/WESE
/data/SDS/2004/AK/WESE/SHZ.D
/data/SDS/2004/AK/WESN
/data/SDS/2004/AK/WESN/SHZ.D
/data/SDS/2004/AK/WESS
/data/SDS/2004/AK/WESS/SHE.D
/data/SDS/2004/AK/WESS/SHN.D
/data/SDS/2004/AK/WESS/SHZ.D
/data/SDS/2004/AK/WPOG
/data/SDS/2004/AK/WPOG/SHZ.D
/data/SDS/2004/AK/WTUG
/data/SDS/2004/AK/WTUG/SHZ.D
/data/SDS/2004/AK/ZRO
/data/SDS/2004/AK/ZRO/SHZ.D
/data/SDS/2004/AT
/data/SDS/2004/AT/ADK
/data/SDS/2004/AT/ADK/SHZ.D
/data/SDS/2004/AT/SDN
/data/SDS/2004/AT/SDN/SHZ.D
/data/SDS/2004/AT/SDPT
/data/SDS/2004/AT/SDPT/BHE.D
/data/SDS/2004/AT/SDPT/BHN.D
/data/SDS/2004/AT/SDPT/BHZ.D
/data/SDS/2004/PP
/data/SDS/2004/PP/GCSA
/data/SDS/2004/PP/GCSA/BHN.D
/data/SDS/2005
/data/SDS/2005/AK
/data/SDS/2005/AK/ACH
/data/SDS/2005/AK/ACH/EHE.D
/data/SDS/2005/AK/ACH/EHN.D
/data/SDS/2005/AK/ACH/EHZ.D
/data/SDS/2005/AK/ACH/SHE.D
/data/SDS/2005/AK/ACH/SHN.D
/data/SDS/2005/AK/ACH/SHZ.D
/data/SDS/2005/AK/AUE
/data/SDS/2005/AK/AUE/EHZ.D
/data/SDS/2005/AK/AUE/SHZ.D
/data/SDS/2005/AK/AUH
/data/SDS/2005/AK/AUH/EHZ.D
/data/SDS/2005/AK/AUH/SHZ.D
/data/SDS/2005/AK/AUI
/data/SDS/2005/AK/AUI/SHE.D
/data/SDS/2005/AK/AUI/SHN.D
/data/SDS/2005/AK/AUI/SHZ.D
/data/SDS/2005/AK/AUL
/data/SDS/2005/AK/AUL/BHE.D
/data/SDS/2005/AK/AUL/BHN.D
/data/SDS/2005/AK/AUL/BHZ.D
/data/SDS/2005/AK/AUL/EHZ.D
/data/SDS/2005/AK/AUL/SHZ.D
/data/SDS/2005/AK/AUP
/data/SDS/2005/AK/AUP/EHZ.D
/data/SDS/2005/AK/AUP/SHZ.D
/data/SDS/2005/AK/AUR
/data/SDS/2005/AK/AUR/EHZ.D
/data/SDS/2005/AK/AUR/SHZ.D
/data/SDS/2005/AK/AUS
/data/SDS/2005/AK/AUS/EHZ.D
/data/SDS/2005/AK/AUS/SHZ.D
/data/SDS/2005/AK/AUW
/data/SDS/2005/AK/AUW/EHZ.D
/data/SDS/2005/AK/AUW/SHZ.D
/data/SDS/2005/AK/BAL
/data/SDS/2005/AK/BAL/EHZ.D
/data/SDS/2005/AK/BAL/SHZ.D
/data/SDS/2005/AK/BGL
/data/SDS/2005/AK/BGL/EHZ.D
/data/SDS/2005/AK/BGL/SHZ.D
/data/SDS/2005/AK/BGR
/data/SDS/2005/AK/BGR/EHZ.D
/data/SDS/2005/AK/BGR/SHZ.D
/data/SDS/2005/AK/BKG
/data/SDS/2005/AK/BKG/EHZ.D
/data/SDS/2005/AK/BKG/SHZ.D
/data/SDS/2005/AK/BMR
/data/SDS/2005/AK/BMR/BHE.D
/data/SDS/2005/AK/BMR/BHN.D
/data/SDS/2005/AK/BMR/BHZ.D
/data/SDS/2005/AK/BPAW
/data/SDS/2005/AK/BPAW/BHE.D
/data/SDS/2005/AK/BPAW/BHN.D
/data/SDS/2005/AK/BPAW/BHZ.D
/data/SDS/2005/AK/BRLK
/data/SDS/2005/AK/BRLK/EHZ.D
/data/SDS/2005/AK/BRLK/SHZ.D
/data/SDS/2005/AK/BWN
/data/SDS/2005/AK/BWN/EHZ.D
/data/SDS/2005/AK/BWN/SHZ.D
/data/SDS/2005/AK/CAHL
/data/SDS/2005/AK/CAHL/EHZ.D
/data/SDS/2005/AK/CAHL/SHZ.D
/data/SDS/2005/AK/CCB
/data/SDS/2005/AK/CCB/EHZ.D
/data/SDS/2005/AK/CCB/SHZ.D
/data/SDS/2005/AK/CFI
/data/SDS/2005/AK/CFI/EHZ.D
/data/SDS/2005/AK/CFI/SHZ.D
/data/SDS/2005/AK/CHUM
/data/SDS/2005/AK/CHUM/BHE.D
/data/SDS/2005/AK/CHUM/BHN.D
/data/SDS/2005/AK/CHUM/BHZ.D
/data/SDS/2005/AK/CKL
/data/SDS/2005/AK/CKL/EHZ.D
/data/SDS/2005/AK/CKL/SHZ.D
/data/SDS/2005/AK/CNP
/data/SDS/2005/AK/CNP/EHZ.D
/data/SDS/2005/AK/CNP/SHZ.D
/data/SDS/2005/AK/CNTC
/data/SDS/2005/AK/CNTC/SHZ.D
/data/SDS/2005/AK/CUT
/data/SDS/2005/AK/CUT/EHZ.D
/data/SDS/2005/AK/CUT/SHZ.D
/data/SDS/2005/AK/DCPH
/data/SDS/2005/AK/DCPH/BHE.D
/data/SDS/2005/AK/DCPH/BHN.D
/data/SDS/2005/AK/DCPH/BHZ.D
/data/SDS/2005/AK/DFR
/data/SDS/2005/AK/DFR/EHZ.D
/data/SDS/2005/AK/DFR/SHZ.D
/data/SDS/2005/AK/DHY
/data/SDS/2005/AK/DHY/EHZ.D
/data/SDS/2005/AK/DHY/SHZ.D
/data/SDS/2005/AK/DIV
/data/SDS/2005/AK/DIV/BHE.D
/data/SDS/2005/AK/DIV/BHN.D
/data/SDS/2005/AK/DIV/BHZ.D
/data/SDS/2005/AK/EYAK
/data/SDS/2005/AK/EYAK/BHE.D
/data/SDS/2005/AK/EYAK/BHN.D
/data/SDS/2005/AK/EYAK/BHZ.D
/data/SDS/2005/AK/FIB
/data/SDS/2005/AK/FIB/BHE.D
/data/SDS/2005/AK/FIB/BHN.D
/data/SDS/2005/AK/FIB/BHZ.D
/data/SDS/2005/AK/FID
/data/SDS/2005/AK/FID/EHZ.D
/data/SDS/2005/AK/FID/SHZ.D
/data/SDS/2005/AK/GHO
/data/SDS/2005/AK/GHO/SHZ.D
/data/SDS/2005/AK/GLB
/data/SDS/2005/AK/GLB/EHE.D
/data/SDS/2005/AK/GLB/EHN.D
/data/SDS/2005/AK/GLB/EHZ.D
/data/SDS/2005/AK/GLB/SHE.D
/data/SDS/2005/AK/GLB/SHN.D
/data/SDS/2005/AK/GLB/SHZ.D
/data/SDS/2005/AK/GLI
/data/SDS/2005/AK/GLI/EHZ.D
/data/SDS/2005/AK/GLI/SHZ.D
/data/SDS/2005/AK/HARP
/data/SDS/2005/AK/HARP/BHE.D
/data/SDS/2005/AK/HARP/BHN.D
/data/SDS/2005/AK/HARP/BHZ.D
/data/SDS/2005/AK/HIN
/data/SDS/2005/AK/HIN/EHZ.D
/data/SDS/2005/AK/HIN/SHZ.D
/data/SDS/2005/AK/HOM
/data/SDS/2005/AK/HOM/EHZ.D
/data/SDS/2005/AK/HOM/SHZ.D
/data/SDS/2005/AK/IL01
/data/SDS/2005/AK/IL01/SHZ.D
/data/SDS/2005/AK/ILI
/data/SDS/2005/AK/ILI/EHZ.D
/data/SDS/2005/AK/ILI/SHZ.D
/data/SDS/2005/AK/ILS
/data/SDS/2005/AK/ILS/EHZ.D
/data/SDS/2005/AK/ILS/SHZ.D
/data/SDS/2005/AK/ILW
/data/SDS/2005/AK/ILW/EHZ.D
/data/SDS/2005/AK/ILW/SHZ.D
/data/SDS/2005/AK/IM01
/data/SDS/2005/AK/IM01/SHZ.D
/data/SDS/2005/AK/IM03
/data/SDS/2005/AK/IM03/SHZ.D
/data/SDS/2005/AK/INE
/data/SDS/2005/AK/INE/EHZ.D
/data/SDS/2005/AK/INE/SHZ.D
/data/SDS/2005/AK/IVE
/data/SDS/2005/AK/IVE/EHE.D
/data/SDS/2005/AK/IVE/EHN.D
/data/SDS/2005/AK/IVE/EHZ.D
/data/SDS/2005/AK/IVE/SHE.D
/data/SDS/2005/AK/IVE/SHN.D
/data/SDS/2005/AK/IVE/SHZ.D
/data/SDS/2005/AK/IVS
/data/SDS/2005/AK/IVS/EHZ.D
/data/SDS/2005/AK/IVS/SHZ.D
/data/SDS/2005/AK/KABR
/data/SDS/2005/AK/KABR/EHZ.D
/data/SDS/2005/AK/KABR/SHZ.D
/data/SDS/2005/AK/KABU
/data/SDS/2005/AK/KABU/BHE.D
/data/SDS/2005/AK/KABU/BHN.D
/data/SDS/2005/AK/KABU/BHZ.D
/data/SDS/2005/AK/KAHC
/data/SDS/2005/AK/KAHC/SHZ.D
/data/SDS/2005/AK/KAHG
/data/SDS/2005/AK/KAHG/EHZ.D
/data/SDS/2005/AK/KAHG/SHZ.D
/data/SDS/2005/AK/KAKN
/data/SDS/2005/AK/KAKN/BHE.D
/data/SDS/2005/AK/KAKN/BHN.D
/data/SDS/2005/AK/KAKN/BHZ.D
/data/SDS/2005/AK/KAPH
/data/SDS/2005/AK/KAPH/SHE.D
/data/SDS/2005/AK/KAPH/SHN.D
/data/SDS/2005/AK/KAPH/SHZ.D
/data/SDS/2005/AK/KARR
/data/SDS/2005/AK/KARR/SHZ.D
/data/SDS/2005/AK/KAWH
/data/SDS/2005/AK/KAWH/EHZ.D
/data/SDS/2005/AK/KAWH/SHZ.D
/data/SDS/2005/AK/KBM
/data/SDS/2005/AK/KBM/EHZ.D
/data/SDS/2005/AK/KBM/SHZ.D
/data/SDS/2005/AK/KCE
/data/SDS/2005/AK/KCE/EHZ.D
/data/SDS/2005/AK/KCE/SHZ.D
/data/SDS/2005/AK/KCG
/data/SDS/2005/AK/KCG/EHE.D
/data/SDS/2005/AK/KCG/EHN.D
/data/SDS/2005/AK/KCG/EHZ.D
/data/SDS/2005/AK/KCG/SHE.D
/data/SDS/2005/AK/KCG/SHN.D
/data/SDS/2005/AK/KCG/SHZ.D
/data/SDS/2005/AK/KEL
/data/SDS/2005/AK/KEL/EHZ.D
/data/SDS/2005/AK/KEL/SHZ.D
/data/SDS/2005/AK/KJL
/data/SDS/2005/AK/KJL/SHZ.D
/data/SDS/2005/AK/KLU
/data/SDS/2005/AK/KLU/EHZ.D
/data/SDS/2005/AK/KLU/SHZ.D
/data/SDS/2005/AK/KNK
/data/SDS/2005/AK/KNK/SHZ.D
/data/SDS/2005/AK/KTH
/data/SDS/2005/AK/KTH/BHE.D
/data/SDS/2005/AK/KTH/BHN.D
/data/SDS/2005/AK/KTH/BHZ.D
/data/SDS/2005/AK/KTH/SHZ.D
/data/SDS/2005/AK/KVT
/data/SDS/2005/AK/KVT/EHZ.D
/data/SDS/2005/AK/KVT/SHZ.D
/data/SDS/2005/AK/LTI
/data/SDS/2005/AK/LTI/EHZ.D
/data/SDS/2005/AK/LTI/SHZ.D
/data/SDS/2005/AK/MCK
/data/SDS/2005/AK/MCK/BHE.D
/data/SDS/2005/AK/MCK/BHN.D
/data/SDS/2005/AK/MCK/BHZ.D
/data/SDS/2005/AK/MCK/SHZ.D
/data/SDS/2005/AK/MDM
/data/SDS/2005/AK/MDM/EHZ.D
/data/SDS/2005/AK/MDM/SHZ.D
/data/SDS/2005/AK/MGLS
/data/SDS/2005/AK/MGLS/SHZ.D
/data/SDS/2005/AK/MMN
/data/SDS/2005/AK/MMN/EHZ.D
/data/SDS/2005/AK/MMN/SHZ.D
/data/SDS/2005/AK/MSP
/data/SDS/2005/AK/MSP/EHZ.D
/data/SDS/2005/AK/MSP/SHZ.D
/data/SDS/2005/AK/NCG
/data/SDS/2005/AK/NCG/EHZ.D
/data/SDS/2005/AK/NCG/SHZ.D
/data/SDS/2005/AK/NCT
/data/SDS/2005/AK/NCT/EHZ.D
/data/SDS/2005/AK/NCT/SHZ.D
/data/SDS/2005/AK/NKA
/data/SDS/2005/AK/NKA/EHZ.D
/data/SDS/2005/AK/NKA/SHZ.D
/data/SDS/2005/AK/OPT
/data/SDS/2005/AK/OPT/EHZ.D
/data/SDS/2005/AK/OPT/SHZ.D
/data/SDS/2005/AK/PAX
/data/SDS/2005/AK/PAX/BHE.D
/data/SDS/2005/AK/PAX/BHN.D
/data/SDS/2005/AK/PAX/BHZ.D
/data/SDS/2005/AK/PAX/EHZ.D
/data/SDS/2005/AK/PAX/SHZ.D
/data/SDS/2005/AK/PDB
/data/SDS/2005/AK/PDB/EHZ.D
/data/SDS/2005/AK/PDB/SHZ.D
/data/SDS/2005/AK/PIN
/data/SDS/2005/AK/PIN/BHE.D
/data/SDS/2005/AK/PIN/BHN.D
/data/SDS/2005/AK/PIN/BHZ.D
/data/SDS/2005/AK/PIN/SHZ.D
/data/SDS/2005/AK/PLK1
/data/SDS/2005/AK/PLK1/EHZ.D
/data/SDS/2005/AK/PLK1/SHZ.D
/data/SDS/2005/AK/PLK3
/data/SDS/2005/AK/PLK3/EHE.D
/data/SDS/2005/AK/PLK3/EHN.D
/data/SDS/2005/AK/PLK3/EHZ.D
/data/SDS/2005/AK/PLK3/SHE.D
/data/SDS/2005/AK/PLK3/SHN.D
/data/SDS/2005/AK/PLK3/SHZ.D
/data/SDS/2005/AK/PLK4
/data/SDS/2005/AK/PLK4/EHZ.D
/data/SDS/2005/AK/PLK4/SHZ.D
/data/SDS/2005/AK/PLR
/data/SDS/2005/AK/PLR/SHZ.D
/data/SDS/2005/AK/PN7A
/data/SDS/2005/AK/PN7A/BDF.D
/data/SDS/2005/AK/PNL
/data/SDS/2005/AK/PNL/BHE.D
/data/SDS/2005/AK/PNL/BHN.D
/data/SDS/2005/AK/PNL/BHZ.D
/data/SDS/2005/AK/PNL/EHZ.D
/data/SDS/2005/AK/PNL/SHZ.D
/data/SDS/2005/AK/PPLA
/data/SDS/2005/AK/PPLA/BHE.D
/data/SDS/2005/AK/PPLA/BHN.D
/data/SDS/2005/AK/PPLA/BHZ.D
/data/SDS/2005/AK/PWL
/data/SDS/2005/AK/PWL/EHZ.D
/data/SDS/2005/AK/PWL/SHZ.D
/data/SDS/2005/AK/RAG
/data/SDS/2005/AK/RAG/EHZ.D
/data/SDS/2005/AK/RAG/SHZ.D
/data/SDS/2005/AK/RC01
/data/SDS/2005/AK/RC01/BHE.D
/data/SDS/2005/AK/RC01/BHN.D
/data/SDS/2005/AK/RC01/BHZ.D
/data/SDS/2005/AK/RDN
/data/SDS/2005/AK/RDN/SHZ.D
/data/SDS/2005/AK/RDT
/data/SDS/2005/AK/RDT/EHZ.D
/data/SDS/2005/AK/RDT/SHZ.D
/data/SDS/2005/AK/RED
/data/SDS/2005/AK/RED/EHE.D
/data/SDS/2005/AK/RED/EHN.D
/data/SDS/2005/AK/RED/EHZ.D
/data/SDS/2005/AK/RED/SHE.D
/data/SDS/2005/AK/RED/SHN.D
/data/SDS/2005/AK/RED/SHZ.D
/data/SDS/2005/AK/REF
/data/SDS/2005/AK/REF/SHE.D
/data/SDS/2005/AK/REF/SHN.D
/data/SDS/2005/AK/REF/SHZ.D
/data/SDS/2005/AK/RSO
/data/SDS/2005/AK/RSO/EHZ.D
/data/SDS/2005/AK/RSO/SHZ.D
/data/SDS/2005/AK/SAW
/data/SDS/2005/AK/SAW/BHE.D
/data/SDS/2005/AK/SAW/BHN.D
/data/SDS/2005/AK/SAW/BHZ.D
/data/SDS/2005/AK/SCM
/data/SDS/2005/AK/SCM/EHZ.D
/data/SDS/2005/AK/SCM/SHZ.D
/data/SDS/2005/AK/SDG
/data/SDS/2005/AK/SDG/EHZ.D
/data/SDS/2005/AK/SDG/SHZ.D
/data/SDS/2005/AK/SGA
/data/SDS/2005/AK/SGA/EHZ.D
/data/SDS/2005/AK/SGA/SHZ.D
/data/SDS/2005/AK/SLK
/data/SDS/2005/AK/SLK/EHZ.D
/data/SDS/2005/AK/SLK/SHZ.D
/data/SDS/2005/AK/SPBG
/data/SDS/2005/AK/SPBG/BHE.D
/data/SDS/2005/AK/SPBG/BHN.D
/data/SDS/2005/AK/SPBG/BHZ.D
/data/SDS/2005/AK/SPCG
/data/SDS/2005/AK/SPCG/BHE.D
/data/SDS/2005/AK/SPCG/BHN.D
/data/SDS/2005/AK/SPCG/BHZ.D
/data/SDS/2005/AK/SPCR
/data/SDS/2005/AK/SPCR/BHE.D
/data/SDS/2005/AK/SPCR/BHN.D
/data/SDS/2005/AK/SPCR/BHZ.D
/data/SDS/2005/AK/SPNW
/data/SDS/2005/AK/SPNW/EHZ.D
/data/SDS/2005/AK/SPNW/SHZ.D
/data/SDS/2005/AK/SPU
/data/SDS/2005/AK/SPU/EHZ.D
/data/SDS/2005/AK/SPU/SHZ.D
/data/SDS/2005/AK/SPWE
/data/SDS/2005/AK/SPWE/EHZ.D
/data/SDS/2005/AK/SPWE/SHZ.D
/data/SDS/2005/AK/SSLN
/data/SDS/2005/AK/SSLN/BDF.D
/data/SDS/2005/AK/STLK
/data/SDS/2005/AK/STLK/EHZ.D
/data/SDS/2005/AK/STLK/SHZ.D
/data/SDS/2005/AK/SWD
/data/SDS/2005/AK/SWD/BHE.D
/data/SDS/2005/AK/SWD/BHN.D
/data/SDS/2005/AK/SWD/BHZ.D
/data/SDS/2005/AK/SYI
/data/SDS/2005/AK/SYI/EHZ.D
/data/SDS/2005/AK/SYI/SHZ.D
/data/SDS/2005/AK/TRAP
/data/SDS/2005/AK/TRAP/BHE.D
/data/SDS/2005/AK/TRAP/BHN.D
/data/SDS/2005/AK/TRAP/BHZ.D
/data/SDS/2005/AK/TRF
/data/SDS/2005/AK/TRF/BHE.D
/data/SDS/2005/AK/TRF/BHN.D
/data/SDS/2005/AK/TRF/BHZ.D
/data/SDS/2005/AK/TRF/SHZ.D
/data/SDS/2005/AK/TT01
/data/SDS/2005/AK/TT01/SHZ.D
/data/SDS/2005/AK/VLZ
/data/SDS/2005/AK/VLZ/EHE.D
/data/SDS/2005/AK/VLZ/EHN.D
/data/SDS/2005/AK/VLZ/EHZ.D
/data/SDS/2005/AK/VLZ/SHE.D
/data/SDS/2005/AK/VLZ/SHN.D
/data/SDS/2005/AK/VLZ/SHZ.D
/data/SDS/2005/AK/WRH
/data/SDS/2005/AK/WRH/EHZ.D
/data/SDS/2005/AK/WRH/SHZ.D
/data/SDS/2005/AK/XLV
/data/SDS/2005/AK/XLV/EHZ.D
/data/SDS/2005/AK/XLV/SHZ.D
/data/SDS/2005/AT
/data/SDS/2005/AT/MID
/data/SDS/2005/AT/MID/SHZ.D
/data/SDS/2005/AT/PMR
/data/SDS/2005/AT/PMR/BHE.D
/data/SDS/2005/AT/PMR/BHN.D
/data/SDS/2005/AT/PMR/BHZ.D
/data/SDS/2005/AT/SVW2
/data/SDS/2005/AT/SVW2/SHZ.D
/data/SDS/2005/AV
/data/SDS/2005/AV/AUE
/data/SDS/2005/AV/AUE/EHZ.D
/data/SDS/2005/AV/AUE/SHZ.D
/data/SDS/2005/AV/AUH
/data/SDS/2005/AV/AUH/EHZ.D
/data/SDS/2005/AV/AUH/SHZ.D
/data/SDS/2005/AV/AUI
/data/SDS/2005/AV/AUI/EHE.D
/data/SDS/2005/AV/AUI/EHN.D
/data/SDS/2005/AV/AUI/EHZ.D
/data/SDS/2005/AV/AUI/SHE.D
/data/SDS/2005/AV/AUI/SHN.D
/data/SDS/2005/AV/AUL
/data/SDS/2005/AV/AUL/BHE.D
/data/SDS/2005/AV/AUL/BHN.D
/data/SDS/2005/AV/AUL/BHZ.D
/data/SDS/2005/AV/AUL/EHZ.D
/data/SDS/2005/AV/AUL/SHZ.D
/data/SDS/2005/AV/AUR
/data/SDS/2005/AV/AUR/EHZ.D
/data/SDS/2005/AV/AUR/SHZ.D
/data/SDS/2005/AV/AUS
/data/SDS/2005/AV/AUS/EHZ.D
/data/SDS/2005/AV/AUW
/data/SDS/2005/AV/AUW/EHZ.D
/data/SDS/2005/AV/AUW/SHZ.D
/data/SDS/2005/AV/BGL
/data/SDS/2005/AV/BGL/EHZ.D
/data/SDS/2005/AV/BGL/SHZ.D
/data/SDS/2005/AV/BGR
/data/SDS/2005/AV/BGR/EHZ.D
/data/SDS/2005/AV/BKG
/data/SDS/2005/AV/BKG/EHZ.D
/data/SDS/2005/AV/BKG/SHZ.D
/data/SDS/2005/AV/CAHL
/data/SDS/2005/AV/CAHL/EHZ.D
/data/SDS/2005/AV/CAHL/SHZ.D
/data/SDS/2005/AV/CKL
/data/SDS/2005/AV/CKL/EHZ.D
/data/SDS/2005/AV/CKL/SHZ.D
/data/SDS/2005/AV/CNTC
/data/SDS/2005/AV/CNTC/EHZ.D
/data/SDS/2005/AV/CNTC/SHZ.D
/data/SDS/2005/AV/DFR
/data/SDS/2005/AV/DFR/EHZ.D
/data/SDS/2005/AV/HOM
/data/SDS/2005/AV/HOM/SHZ.D
/data/SDS/2005/AV/ILS
/data/SDS/2005/AV/ILS/EHZ.D
/data/SDS/2005/AV/ILS/SHZ.D
/data/SDS/2005/AV/ILW
/data/SDS/2005/AV/ILW/EHZ.D
/data/SDS/2005/AV/INE
/data/SDS/2005/AV/INE/EHZ.D
/data/SDS/2005/AV/IVE
/data/SDS/2005/AV/IVE/EHE.D
/data/SDS/2005/AV/IVE/SHE.D
/data/SDS/2005/AV/IVE/SHN.D
/data/SDS/2005/AV/IVE/SHZ.D
/data/SDS/2005/AV/KABR
/data/SDS/2005/AV/KABR/EHZ.D
/data/SDS/2005/AV/KABU
/data/SDS/2005/AV/KABU/BHE.D
/data/SDS/2005/AV/KABU/BHN.D
/data/SDS/2005/AV/KABU/BHZ.D
/data/SDS/2005/AV/KAHC
/data/SDS/2005/AV/KAHC/EHZ.D
/data/SDS/2005/AV/KAHC/SHZ.D
/data/SDS/2005/AV/KAHG
/data/SDS/2005/AV/KAHG/EHZ.D
/data/SDS/2005/AV/KAKN
/data/SDS/2005/AV/KAKN/BHE.D
/data/SDS/2005/AV/KAKN/BHN.D
/data/SDS/2005/AV/KAKN/BHZ.D
/data/SDS/2005/AV/KAPH
/data/SDS/2005/AV/KAPH/EHE.D
/data/SDS/2005/AV/KAPH/EHN.D
/data/SDS/2005/AV/KAPH/EHZ.D
/data/SDS/2005/AV/KAPH/SHE.D
/data/SDS/2005/AV/KAPH/SHN.D
/data/SDS/2005/AV/KAPH/SHZ.D
/data/SDS/2005/AV/KARR
/data/SDS/2005/AV/KARR/EHZ.D
/data/SDS/2005/AV/KAWH
/data/SDS/2005/AV/KAWH/EHZ.D
/data/SDS/2005/AV/KBM
/data/SDS/2005/AV/KBM/EHZ.D
/data/SDS/2005/AV/KCG
/data/SDS/2005/AV/KCG/EHE.D
/data/SDS/2005/AV/KCG/EHN.D
/data/SDS/2005/AV/KCG/EHZ.D
/data/SDS/2005/AV/KJL
/data/SDS/2005/AV/KJL/EHZ.D
/data/SDS/2005/AV/KJL/SHZ.D
/data/SDS/2005/AV/KVT
/data/SDS/2005/AV/KVT/EHZ.D
/data/SDS/2005/AV/KVT/SHZ.D
/data/SDS/2005/AV/MGLS
/data/SDS/2005/AV/MGLS/EHZ.D
/data/SDS/2005/AV/MGLS/SHZ.D
/data/SDS/2005/AV/MMN
/data/SDS/2005/AV/MMN/EHZ.D
/data/SDS/2005/AV/NCG
/data/SDS/2005/AV/NCG/EHZ.D
/data/SDS/2005/AV/NCG/SHZ.D
/data/SDS/2005/AV/NCT
/data/SDS/2005/AV/NCT/EHZ.D
/data/SDS/2005/AV/OPT
/data/SDS/2005/AV/OPT/EHZ.D
/data/SDS/2005/AV/OPT/SHZ.D
/data/SDS/2005/AV/PDB
/data/SDS/2005/AV/PDB/EHZ.D
/data/SDS/2005/AV/PDB/SHZ.D
/data/SDS/2005/AV/PLK1
/data/SDS/2005/AV/PLK1/EHZ.D
/data/SDS/2005/AV/PLK1/SHZ.D
/data/SDS/2005/AV/PLK3
/data/SDS/2005/AV/PLK3/EHE.D
/data/SDS/2005/AV/PLK3/EHN.D
/data/SDS/2005/AV/PLK3/EHZ.D
/data/SDS/2005/AV/PLK3/SHE.D
/data/SDS/2005/AV/PLK3/SHN.D
/data/SDS/2005/AV/PLK3/SHZ.D
/data/SDS/2005/AV/PLK4
/data/SDS/2005/AV/PLK4/EHZ.D
/data/SDS/2005/AV/PN7A
/data/SDS/2005/AV/PN7A/BDF.D
/data/SDS/2005/AV/RDN
/data/SDS/2005/AV/RDN/EHZ.D
/data/SDS/2005/AV/RDN/SHZ.D
/data/SDS/2005/AV/RDT
/data/SDS/2005/AV/RDT/EHZ.D
/data/SDS/2005/AV/REF
/data/SDS/2005/AV/REF/EHE.D
/data/SDS/2005/AV/REF/EHN.D
/data/SDS/2005/AV/REF/EHZ.D
/data/SDS/2005/AV/REF/SHE.D
/data/SDS/2005/AV/REF/SHN.D
/data/SDS/2005/AV/REF/SHZ.D
/data/SDS/2005/AV/RSO
/data/SDS/2005/AV/RSO/EHZ.D
/data/SDS/2005/AV/RSO/SHZ.D
/data/SDS/2005/AV/SLK
/data/SDS/2005/AV/SLK/EHZ.D
/data/SDS/2005/AV/SLK/SHZ.D
/data/SDS/2005/AV/SPBG
/data/SDS/2005/AV/SPBG/BHE.D
/data/SDS/2005/AV/SPBG/BHN.D
/data/SDS/2005/AV/SPBG/BHZ.D
/data/SDS/2005/AV/SPCG
/data/SDS/2005/AV/SPCG/BHE.D
/data/SDS/2005/AV/SPCG/BHN.D
/data/SDS/2005/AV/SPCG/BHZ.D
/data/SDS/2005/AV/SPCR
/data/SDS/2005/AV/SPCR/BHE.D
/data/SDS/2005/AV/SPCR/BHN.D
/data/SDS/2005/AV/SPCR/BHZ.D
/data/SDS/2005/AV/SPNW
/data/SDS/2005/AV/SPNW/EHZ.D
/data/SDS/2005/AV/SPNW/SHZ.D
/data/SDS/2005/AV/SPU
/data/SDS/2005/AV/SPU/EHZ.D
/data/SDS/2005/AV/SPU/SHZ.D
/data/SDS/2005/AV/SPWE
/data/SDS/2005/AV/SPWE/EHZ.D
/data/SDS/2005/AV/SSLN
/data/SDS/2005/AV/SSLN/BDF.D
/data/SDS/2005/AV/STLK
/data/SDS/2005/AV/STLK/EHZ.D
/data/SDS/2005/AV/STLK/SHZ.D
/data/SDS/2005/AV/SYI
/data/SDS/2005/AV/SYI/EHZ.D
/data/SDS/2005/AV/SYI/SHZ.D
/data/SDS/2005/II
/data/SDS/2005/II/KDAK
/data/SDS/2005/II/KDAK/BHE.D
/data/SDS/2005/II/KDAK/BHN.D
/data/SDS/2005/II/KDAK/BHZ.D
/data/SDS/2005/IU
/data/SDS/2005/IU/COLA
/data/SDS/2005/IU/COLA/BHE.D
/data/SDS/2005/IU/COLA/BHN.D
/data/SDS/2005/IU/COLA/BHZ.D
/data/SDS/2005/MV
/data/SDS/2005/MV/MBBY
/data/SDS/2005/MV/MBBY/BHE.D
/data/SDS/2005/MV/MBBY/BHN.D
/data/SDS/2005/MV/MBBY/BHZ.D
/data/SDS/2005/MV/MBGB
/data/SDS/2005/MV/MBGB/BHE.D
/data/SDS/2005/MV/MBGB/BHN.D
/data/SDS/2005/MV/MBGB/BHZ.D
/data/SDS/2005/MV/MBGH
/data/SDS/2005/MV/MBGH/BHE.D
/data/SDS/2005/MV/MBGH/BHN.D
/data/SDS/2005/MV/MBGH/BHZ.D
/data/SDS/2005/MV/MBHA
/data/SDS/2005/MV/MBHA/BHE.D
/data/SDS/2005/MV/MBHA/BHN.D
/data/SDS/2005/MV/MBHA/BHZ.D
/data/SDS/2005/MV/MBLG
/data/SDS/2005/MV/MBLG/BHE.D
/data/SDS/2005/MV/MBLG/BHN.D
/data/SDS/2005/MV/MBLG/BHZ.D
/data/SDS/2005/MV/MBLY
/data/SDS/2005/MV/MBLY/BHE.D
/data/SDS/2005/MV/MBLY/BHN.D
/data/SDS/2005/MV/MBLY/BHZ.D
/data/SDS/2005/MV/MBRV
/data/SDS/2005/MV/MBRV/SHZ.D
/data/SDS/2005/MV/MBRY
/data/SDS/2005/MV/MBRY/BHE.D
/data/SDS/2005/MV/MBRY/BHN.D
/data/SDS/2005/MV/MBRY/BHZ.D
/data/SDS/2005/MV/MBWH
/data/SDS/2005/MV/MBWH/BHE.D
/data/SDS/2005/MV/MBWH/BHN.D
/data/SDS/2005/MV/MBWH/BHZ.D
/data/SDS/2006
/data/SDS/2006/AK
/data/SDS/2006/AK/ACH
/data/SDS/2006/AK/ACH/EHE.D
/data/SDS/2006/AK/ACH/EHN.D
/data/SDS/2006/AK/ACH/EHZ.D
/data/SDS/2006/AK/ANCK
/data/SDS/2006/AK/ANCK/EHZ.D
/data/SDS/2006/AK/AUE
/data/SDS/2006/AK/AUE/BDF.D
/data/SDS/2006/AK/AUE/BDL.D
/data/SDS/2006/AK/AUE/EHZ.D
/data/SDS/2006/AK/AUH
/data/SDS/2006/AK/AUH/EHZ.D
/data/SDS/2006/AK/AUI
/data/SDS/2006/AK/AUI/EHE.D
/data/SDS/2006/AK/AUI/EHN.D
/data/SDS/2006/AK/AUI/EHZ.D
/data/SDS/2006/AK/AUL
/data/SDS/2006/AK/AUL/BHE.D
/data/SDS/2006/AK/AUL/BHN.D
/data/SDS/2006/AK/AUL/BHZ.D
/data/SDS/2006/AK/AUL/EHZ.D
/data/SDS/2006/AK/AUP
/data/SDS/2006/AK/AUP/EHZ.D
/data/SDS/2006/AK/AUR
/data/SDS/2006/AK/AUR/EHZ.D
/data/SDS/2006/AK/AUS
/data/SDS/2006/AK/AUS/EHZ.D
/data/SDS/2006/AK/AUW
/data/SDS/2006/AK/AUW/EHZ.D
/data/SDS/2006/AK/BAL
/data/SDS/2006/AK/BAL/EHZ.D
/data/SDS/2006/AK/BGL
/data/SDS/2006/AK/BGL/EHZ.D
/data/SDS/2006/AK/BGR
/data/SDS/2006/AK/BGR/EHZ.D
/data/SDS/2006/AK/BKG
/data/SDS/2006/AK/BKG/EHZ.D
/data/SDS/2006/AK/BMR
/data/SDS/2006/AK/BMR/BHE.D
/data/SDS/2006/AK/BMR/BHN.D
/data/SDS/2006/AK/BMR/BHZ.D
/data/SDS/2006/AK/BPAW
/data/SDS/2006/AK/BPAW/BHE.D
/data/SDS/2006/AK/BPAW/BHN.D
/data/SDS/2006/AK/BPAW/BHZ.D
/data/SDS/2006/AK/BRLK
/data/SDS/2006/AK/BRLK/EHZ.D
/data/SDS/2006/AK/BWN
/data/SDS/2006/AK/BWN/EHZ.D
/data/SDS/2006/AK/CAHL
/data/SDS/2006/AK/CAHL/EHZ.D
/data/SDS/2006/AK/CCB
/data/SDS/2006/AK/CCB/EHZ.D
/data/SDS/2006/AK/CFI
/data/SDS/2006/AK/CFI/EHZ.D
/data/SDS/2006/AK/CHUM
/data/SDS/2006/AK/CHUM/BHE.D
/data/SDS/2006/AK/CHUM/BHN.D
/data/SDS/2006/AK/CHUM/BHZ.D
/data/SDS/2006/AK/CKL
/data/SDS/2006/AK/CKL/EHZ.D
/data/SDS/2006/AK/CNP
/data/SDS/2006/AK/CNP/EHZ.D
/data/SDS/2006/AK/CNTC
/data/SDS/2006/AK/CNTC/EHZ.D
/data/SDS/2006/AK/CUT
/data/SDS/2006/AK/CUT/EHZ.D
/data/SDS/2006/AK/DCPH
/data/SDS/2006/AK/DCPH/BHE.D
/data/SDS/2006/AK/DCPH/BHN.D
/data/SDS/2006/AK/DCPH/BHZ.D
/data/SDS/2006/AK/DFR
/data/SDS/2006/AK/DFR/EHZ.D
/data/SDS/2006/AK/DHY
/data/SDS/2006/AK/DHY/EHZ.D
/data/SDS/2006/AK/DIV
/data/SDS/2006/AK/DIV/BHE.D
/data/SDS/2006/AK/DIV/BHN.D
/data/SDS/2006/AK/DIV/BHZ.D
/data/SDS/2006/AK/EYAK
/data/SDS/2006/AK/EYAK/BHE.D
/data/SDS/2006/AK/EYAK/BHN.D
/data/SDS/2006/AK/EYAK/BHZ.D
/data/SDS/2006/AK/FIB
/data/SDS/2006/AK/FIB/BHE.D
/data/SDS/2006/AK/FIB/BHN.D
/data/SDS/2006/AK/FIB/BHZ.D
/data/SDS/2006/AK/FID
/data/SDS/2006/AK/FID/EHZ.D
/data/SDS/2006/AK/GHO
/data/SDS/2006/AK/GHO/SHZ.D
/data/SDS/2006/AK/GLB
/data/SDS/2006/AK/GLB/EHE.D
/data/SDS/2006/AK/GLB/EHN.D
/data/SDS/2006/AK/GLB/EHZ.D
/data/SDS/2006/AK/GLI
/data/SDS/2006/AK/GLI/EHZ.D
/data/SDS/2006/AK/HARP
/data/SDS/2006/AK/HARP/BHE.D
/data/SDS/2006/AK/HARP/BHN.D
/data/SDS/2006/AK/HARP/BHZ.D
/data/SDS/2006/AK/HIN
/data/SDS/2006/AK/HIN/EHZ.D
/data/SDS/2006/AK/HOM
/data/SDS/2006/AK/HOM/EHZ.D
/data/SDS/2006/AK/IL01
/data/SDS/2006/AK/IL01/SHZ.D
/data/SDS/2006/AK/ILI
/data/SDS/2006/AK/ILI/EHZ.D
/data/SDS/2006/AK/ILS
/data/SDS/2006/AK/ILS/EHZ.D
/data/SDS/2006/AK/ILW
/data/SDS/2006/AK/ILW/EHZ.D
/data/SDS/2006/AK/IM01
/data/SDS/2006/AK/IM01/SHZ.D
/data/SDS/2006/AK/IM03
/data/SDS/2006/AK/IM03/SHZ.D
/data/SDS/2006/AK/INE
/data/SDS/2006/AK/INE/EHZ.D
/data/SDS/2006/AK/IVE
/data/SDS/2006/AK/IVE/EHE.D
/data/SDS/2006/AK/IVE/EHN.D
/data/SDS/2006/AK/IVE/EHZ.D
/data/SDS/2006/AK/IVS
/data/SDS/2006/AK/IVS/EHZ.D
/data/SDS/2006/AK/JPK
/data/SDS/2006/AK/JPK/EHZ.D
/data/SDS/2006/AK/KABR
/data/SDS/2006/AK/KABR/EHZ.D
/data/SDS/2006/AK/KABU
/data/SDS/2006/AK/KABU/BHE.D
/data/SDS/2006/AK/KABU/BHN.D
/data/SDS/2006/AK/KABU/BHZ.D
/data/SDS/2006/AK/KAHC
/data/SDS/2006/AK/KAHC/EHZ.D
/data/SDS/2006/AK/KAHG
/data/SDS/2006/AK/KAHG/EHZ.D
/data/SDS/2006/AK/KAIC
/data/SDS/2006/AK/KAIC/EHZ.D
/data/SDS/2006/AK/KAKN
/data/SDS/2006/AK/KAKN/BHE.D
/data/SDS/2006/AK/KAKN/BHN.D
/data/SDS/2006/AK/KAKN/BHZ.D
/data/SDS/2006/AK/KAPH
/data/SDS/2006/AK/KAPH/EHE.D
/data/SDS/2006/AK/KAPH/EHN.D
/data/SDS/2006/AK/KAPH/EHZ.D
/data/SDS/2006/AK/KARR
/data/SDS/2006/AK/KARR/EHZ.D
/data/SDS/2006/AK/KAWH
/data/SDS/2006/AK/KAWH/EHZ.D
/data/SDS/2006/AK/KBM
/data/SDS/2006/AK/KBM/EHZ.D
/data/SDS/2006/AK/KCE
/data/SDS/2006/AK/KCE/EHZ.D
/data/SDS/2006/AK/KCG
/data/SDS/2006/AK/KCG/EHE.D
/data/SDS/2006/AK/KCG/EHN.D
/data/SDS/2006/AK/KCG/EHZ.D
/data/SDS/2006/AK/KEL
/data/SDS/2006/AK/KEL/EHZ.D
/data/SDS/2006/AK/KJL
/data/SDS/2006/AK/KJL/EHZ.D
/data/SDS/2006/AK/KLU
/data/SDS/2006/AK/KLU/EHZ.D
/data/SDS/2006/AK/KNK
/data/SDS/2006/AK/KNK/SHZ.D
/data/SDS/2006/AK/KTH
/data/SDS/2006/AK/KTH/BHE.D
/data/SDS/2006/AK/KTH/BHN.D
/data/SDS/2006/AK/KTH/BHZ.D
/data/SDS/2006/AK/KVT
/data/SDS/2006/AK/KVT/EHZ.D
/data/SDS/2006/AK/LTI
/data/SDS/2006/AK/LTI/EHZ.D
/data/SDS/2006/AK/MCK
/data/SDS/2006/AK/MCK/BHE.D
/data/SDS/2006/AK/MCK/BHN.D
/data/SDS/2006/AK/MCK/BHZ.D
/data/SDS/2006/AK/MDM
/data/SDS/2006/AK/MDM/EHZ.D
/data/SDS/2006/AK/MGLS
/data/SDS/2006/AK/MGLS/EHZ.D
/data/SDS/2006/AK/MMN
/data/SDS/2006/AK/MMN/EHZ.D
/data/SDS/2006/AK/MSP
/data/SDS/2006/AK/MSP/EHZ.D
/data/SDS/2006/AK/NCG
/data/SDS/2006/AK/NCG/EHZ.D
/data/SDS/2006/AK/NCT
/data/SDS/2006/AK/NCT/EHZ.D
/data/SDS/2006/AK/NKA
/data/SDS/2006/AK/NKA/EHZ.D
/data/SDS/2006/AK/OPT
/data/SDS/2006/AK/OPT/EHZ.D
/data/SDS/2006/AK/PAX
/data/SDS/2006/AK/PAX/BHE.D
/data/SDS/2006/AK/PAX/BHN.D
/data/SDS/2006/AK/PAX/BHZ.D
/data/SDS/2006/AK/PAX/EHZ.D
/data/SDS/2006/AK/PDB
/data/SDS/2006/AK/PDB/EHZ.D
/data/SDS/2006/AK/PIN
/data/SDS/2006/AK/PIN/BHE.D
/data/SDS/2006/AK/PIN/BHN.D
/data/SDS/2006/AK/PIN/BHZ.D
/data/SDS/2006/AK/PLK1
/data/SDS/2006/AK/PLK1/EHZ.D
/data/SDS/2006/AK/PLK3
/data/SDS/2006/AK/PLK3/EHE.D
/data/SDS/2006/AK/PLK3/EHN.D
/data/SDS/2006/AK/PLK3/EHZ.D
/data/SDS/2006/AK/PLK4
/data/SDS/2006/AK/PLK4/EHZ.D
/data/SDS/2006/AK/PLR
/data/SDS/2006/AK/PLR/SHZ.D
/data/SDS/2006/AK/PN7A
/data/SDS/2006/AK/PN7A/BDF.D
/data/SDS/2006/AK/PNL
/data/SDS/2006/AK/PNL/BHE.D
/data/SDS/2006/AK/PNL/BHN.D
/data/SDS/2006/AK/PNL/BHZ.D
/data/SDS/2006/AK/PNL/EHZ.D
/data/SDS/2006/AK/PPLA
/data/SDS/2006/AK/PPLA/BHE.D
/data/SDS/2006/AK/PPLA/BHN.D
/data/SDS/2006/AK/PPLA/BHZ.D
/data/SDS/2006/AK/PWL
/data/SDS/2006/AK/PWL/EHZ.D
/data/SDS/2006/AK/RAG
/data/SDS/2006/AK/RAG/EHZ.D
/data/SDS/2006/AK/RC01
/data/SDS/2006/AK/RC01/BHE.D
/data/SDS/2006/AK/RC01/BHN.D
/data/SDS/2006/AK/RC01/BHZ.D
/data/SDS/2006/AK/RDN
/data/SDS/2006/AK/RDN/EHZ.D
/data/SDS/2006/AK/RDT
/data/SDS/2006/AK/RDT/EHZ.D
/data/SDS/2006/AK/RED
/data/SDS/2006/AK/RED/EHE.D
/data/SDS/2006/AK/RED/EHN.D
/data/SDS/2006/AK/RED/EHZ.D
/data/SDS/2006/AK/REF
/data/SDS/2006/AK/REF/EHE.D
/data/SDS/2006/AK/REF/EHN.D
/data/SDS/2006/AK/REF/EHZ.D
/data/SDS/2006/AK/RSO
/data/SDS/2006/AK/RSO/EHZ.D
/data/SDS/2006/AK/SAW
/data/SDS/2006/AK/SAW/BHE.D
/data/SDS/2006/AK/SAW/BHN.D
/data/SDS/2006/AK/SAW/BHZ.D
/data/SDS/2006/AK/SCM
/data/SDS/2006/AK/SCM/EHZ.D
/data/SDS/2006/AK/SDG
/data/SDS/2006/AK/SDG/EHZ.D
/data/SDS/2006/AK/SGA
/data/SDS/2006/AK/SGA/EHZ.D
/data/SDS/2006/AK/SLK
/data/SDS/2006/AK/SLK/SHZ.D
/data/SDS/2006/AK/SPBG
/data/SDS/2006/AK/SPBG/BHE.D
/data/SDS/2006/AK/SPBG/BHN.D
/data/SDS/2006/AK/SPBG/BHZ.D
/data/SDS/2006/AK/SPCG
/data/SDS/2006/AK/SPCG/BHE.D
/data/SDS/2006/AK/SPCG/BHN.D
/data/SDS/2006/AK/SPCG/BHZ.D
/data/SDS/2006/AK/SPCR
/data/SDS/2006/AK/SPCR/BHE.D
/data/SDS/2006/AK/SPCR/BHN.D
/data/SDS/2006/AK/SPCR/BHZ.D
/data/SDS/2006/AK/SPNW
/data/SDS/2006/AK/SPNW/EHZ.D
/data/SDS/2006/AK/SPU
/data/SDS/2006/AK/SPU/EHZ.D
/data/SDS/2006/AK/SPWE
/data/SDS/2006/AK/SPWE/EHZ.D
/data/SDS/2006/AK/SSLN
/data/SDS/2006/AK/SSLN/BDF.D
/data/SDS/2006/AK/SSN
/data/SDS/2006/AK/SSN/EHZ.D
/data/SDS/2006/AK/STLK
/data/SDS/2006/AK/STLK/EHZ.D
/data/SDS/2006/AK/SWD
/data/SDS/2006/AK/SWD/BHE.D
/data/SDS/2006/AK/SWD/BHN.D
/data/SDS/2006/AK/SWD/BHZ.D
/data/SDS/2006/AK/SYI
/data/SDS/2006/AK/SYI/EHZ.D
/data/SDS/2006/AK/TRAP
/data/SDS/2006/AK/TRAP/BHE.D
/data/SDS/2006/AK/TRAP/BHN.D
/data/SDS/2006/AK/TRAP/BHZ.D
/data/SDS/2006/AK/TRF
/data/SDS/2006/AK/TRF/BHE.D
/data/SDS/2006/AK/TRF/BHN.D
/data/SDS/2006/AK/TRF/BHZ.D
/data/SDS/2006/AK/TT01
/data/SDS/2006/AK/TT01/SHZ.D
/data/SDS/2006/AK/VLZ
/data/SDS/2006/AK/VLZ/EHE.D
/data/SDS/2006/AK/VLZ/EHN.D
/data/SDS/2006/AK/VLZ/EHZ.D
/data/SDS/2006/AK/WRH
/data/SDS/2006/AK/WRH/EHZ.D
/data/SDS/2006/AK/XLV
/data/SDS/2006/AK/XLV/EHZ.D
/data/SDS/2006/AT
/data/SDS/2006/AT/MID
/data/SDS/2006/AT/MID/SHZ.D
/data/SDS/2006/AT/OHAK
/data/SDS/2006/AT/OHAK/BHE.D
/data/SDS/2006/AT/OHAK/BHN.D
/data/SDS/2006/AT/OHAK/BHZ.D
/data/SDS/2006/AT/PMR
/data/SDS/2006/AT/PMR/BHE.D
/data/SDS/2006/AT/PMR/BHN.D
/data/SDS/2006/AT/PMR/BHZ.D
/data/SDS/2006/AT/SVW2
/data/SDS/2006/AT/SVW2/SHZ.D
/data/SDS/2006/AV
/data/SDS/2006/AV/ACH
/data/SDS/2006/AV/ACH/EHE.D
/data/SDS/2006/AV/ACH/EHN.D
/data/SDS/2006/AV/ACH/EHZ.D
/data/SDS/2006/AV/ANCK
/data/SDS/2006/AV/ANCK/EHZ.D
/data/SDS/2006/AV/AUE
/data/SDS/2006/AV/AUE/BDF.D
/data/SDS/2006/AV/AUE/BDL.D
/data/SDS/2006/AV/AUE/EHZ.D
/data/SDS/2006/AV/AUH
/data/SDS/2006/AV/AUH/EHZ.D
/data/SDS/2006/AV/AUI
/data/SDS/2006/AV/AUI/EHE.D
/data/SDS/2006/AV/AUI/EHN.D
/data/SDS/2006/AV/AUI/EHZ.D
/data/SDS/2006/AV/AUL
/data/SDS/2006/AV/AUL/BHE.D
/data/SDS/2006/AV/AUL/BHN.D
/data/SDS/2006/AV/AUL/BHZ.D
/data/SDS/2006/AV/AUL/EHZ.D
/data/SDS/2006/AV/AUNW
/data/SDS/2006/AV/AUNW/EHZ.D
/data/SDS/2006/AV/AUP
/data/SDS/2006/AV/AUP/EHZ.D
/data/SDS/2006/AV/AUR
/data/SDS/2006/AV/AUR/EHZ.D
/data/SDS/2006/AV/AUS
/data/SDS/2006/AV/AUS/EHZ.D
/data/SDS/2006/AV/AUSE
/data/SDS/2006/AV/AUSE/EHZ.D
/data/SDS/2006/AV/AUW
/data/SDS/2006/AV/AUW/EHZ.D
/data/SDS/2006/AV/BGL
/data/SDS/2006/AV/BGL/EHZ.D
/data/SDS/2006/AV/BGR
/data/SDS/2006/AV/BGR/EHZ.D
/data/SDS/2006/AV/BKG
/data/SDS/2006/AV/BKG/EHZ.D
/data/SDS/2006/AV/CAHL
/data/SDS/2006/AV/CAHL/EHZ.D
/data/SDS/2006/AV/CDD
/data/SDS/2006/AV/CDD/EHZ.D
/data/SDS/2006/AV/CKL
/data/SDS/2006/AV/CKL/EHZ.D
/data/SDS/2006/AV/CNTC
/data/SDS/2006/AV/CNTC/EHZ.D
/data/SDS/2006/AV/DFR
/data/SDS/2006/AV/DFR/EHZ.D
/data/SDS/2006/AV/FONW
/data/SDS/2006/AV/FONW/BDF.D
/data/SDS/2006/AV/FONW/BDL.D
/data/SDS/2006/AV/FONW/EHZ.D
/data/SDS/2006/AV/FOPK
/data/SDS/2006/AV/FOPK/EHZ.D
/data/SDS/2006/AV/FOSS
/data/SDS/2006/AV/FOSS/BDF.D
/data/SDS/2006/AV/FOSS/BDL.D
/data/SDS/2006/AV/FOSS/EHZ.D
/data/SDS/2006/AV/HOM
/data/SDS/2006/AV/HOM/EHZ.D
/data/SDS/2006/AV/ILI
/data/SDS/2006/AV/ILI/EHZ.D
/data/SDS/2006/AV/ILS
/data/SDS/2006/AV/ILS/EHZ.D
/data/SDS/2006/AV/ILW
/data/SDS/2006/AV/ILW/EHZ.D
/data/SDS/2006/AV/INE
/data/SDS/2006/AV/INE/EHZ.D
/data/SDS/2006/AV/IVE
/data/SDS/2006/AV/IVE/EHE.D
/data/SDS/2006/AV/IVE/EHN.D
/data/SDS/2006/AV/IVE/EHZ.D
/data/SDS/2006/AV/IVS
/data/SDS/2006/AV/IVS/EHZ.D
/data/SDS/2006/AV/KABR
/data/SDS/2006/AV/KABR/EHZ.D
/data/SDS/2006/AV/KAHC
/data/SDS/2006/AV/KAHC/EHZ.D
/data/SDS/2006/AV/KAHG
/data/SDS/2006/AV/KAHG/EHZ.D
/data/SDS/2006/AV/KAIC
/data/SDS/2006/AV/KAIC/EHZ.D
/data/SDS/2006/AV/KAKN
/data/SDS/2006/AV/KAKN/BHE.D
/data/SDS/2006/AV/KAKN/BHN.D
/data/SDS/2006/AV/KAKN/BHZ.D
/data/SDS/2006/AV/KAPH
/data/SDS/2006/AV/KAPH/EHE.D
/data/SDS/2006/AV/KAPH/EHN.D
/data/SDS/2006/AV/KAPH/EHZ.D
/data/SDS/2006/AV/KARR
/data/SDS/2006/AV/KARR/EHZ.D
/data/SDS/2006/AV/KAWH
/data/SDS/2006/AV/KAWH/EHZ.D
/data/SDS/2006/AV/KBM
/data/SDS/2006/AV/KBM/EHZ.D
/data/SDS/2006/AV/KCE
/data/SDS/2006/AV/KCE/EHZ.D
/data/SDS/2006/AV/KCG
/data/SDS/2006/AV/KCG/EHE.D
/data/SDS/2006/AV/KCG/EHN.D
/data/SDS/2006/AV/KCG/EHZ.D
/data/SDS/2006/AV/KEL
/data/SDS/2006/AV/KEL/EHZ.D
/data/SDS/2006/AV/KJL
/data/SDS/2006/AV/KJL/EHZ.D
/data/SDS/2006/AV/KVT
/data/SDS/2006/AV/KVT/EHZ.D
/data/SDS/2006/AV/MGLS
/data/SDS/2006/AV/MGLS/EHZ.D
/data/SDS/2006/AV/MMN
/data/SDS/2006/AV/MMN/EHZ.D
/data/SDS/2006/AV/NCG
/data/SDS/2006/AV/NCG/EHZ.D
/data/SDS/2006/AV/NCT
/data/SDS/2006/AV/NCT/EHZ.D
/data/SDS/2006/AV/OPT
/data/SDS/2006/AV/OPT/EHZ.D
/data/SDS/2006/AV/PDB
/data/SDS/2006/AV/PDB/EHZ.D
/data/SDS/2006/AV/PLK1
/data/SDS/2006/AV/PLK1/EHZ.D
/data/SDS/2006/AV/PLK3
/data/SDS/2006/AV/PLK3/EHE.D
/data/SDS/2006/AV/PLK3/EHN.D
/data/SDS/2006/AV/PLK3/EHZ.D
/data/SDS/2006/AV/PLK4
/data/SDS/2006/AV/PLK4/EHZ.D
/data/SDS/2006/AV/PN7A
/data/SDS/2006/AV/PN7A/BDF.D
/data/SDS/2006/AV/RDN
/data/SDS/2006/AV/RDN/EHZ.D
/data/SDS/2006/AV/RDT
/data/SDS/2006/AV/RDT/EHZ.D
/data/SDS/2006/AV/RED
/data/SDS/2006/AV/RED/EHE.D
/data/SDS/2006/AV/RED/EHN.D
/data/SDS/2006/AV/RED/EHZ.D
/data/SDS/2006/AV/REF
/data/SDS/2006/AV/REF/EHE.D
/data/SDS/2006/AV/REF/EHN.D
/data/SDS/2006/AV/REF/EHZ.D
/data/SDS/2006/AV/RSO
/data/SDS/2006/AV/RSO/EHZ.D
/data/SDS/2006/AV/SLK
/data/SDS/2006/AV/SLK/SHZ.D
/data/SDS/2006/AV/SPBG
/data/SDS/2006/AV/SPBG/BHE.D
/data/SDS/2006/AV/SPBG/BHN.D
/data/SDS/2006/AV/SPBG/BHZ.D
/data/SDS/2006/AV/SPCG
/data/SDS/2006/AV/SPCG/BHE.D
/data/SDS/2006/AV/SPCG/BHN.D
/data/SDS/2006/AV/SPCG/BHZ.D
/data/SDS/2006/AV/SPCR
/data/SDS/2006/AV/SPCR/BHE.D
/data/SDS/2006/AV/SPCR/BHN.D
/data/SDS/2006/AV/SPCR/BHZ.D
/data/SDS/2006/AV/SPNW
/data/SDS/2006/AV/SPNW/EHZ.D
/data/SDS/2006/AV/SPU
/data/SDS/2006/AV/SPU/EHZ.D
/data/SDS/2006/AV/SPWE
/data/SDS/2006/AV/SPWE/EHZ.D
/data/SDS/2006/AV/SSLN
/data/SDS/2006/AV/SSLN/BDF.D
/data/SDS/2006/AV/SSN
/data/SDS/2006/AV/SSN/EHZ.D
/data/SDS/2006/AV/STLK
/data/SDS/2006/AV/STLK/EHZ.D
/data/SDS/2006/AV/SYI
/data/SDS/2006/AV/SYI/EHZ.D
/data/SDS/2006/EL
/data/SDS/2006/EL/TT01
/data/SDS/2006/EL/TT01/SHZ.D
/data/SDS/2006/II
/data/SDS/2006/II/KDAK
/data/SDS/2006/II/KDAK/BHE.D
/data/SDS/2006/II/KDAK/BHN.D
/data/SDS/2006/II/KDAK/BHZ.D
/data/SDS/2006/IU
/data/SDS/2006/IU/COLA
/data/SDS/2006/IU/COLA/BHE.D
/data/SDS/2006/IU/COLA/BHN.D
/data/SDS/2006/IU/COLA/BHZ.D
/data/SDS/2006/MV
/data/SDS/2006/MV/MBWH
/data/SDS/2006/MV/MBWH/BHZ.D
/data/SDS/2007
/data/SDS/2007/AK
/data/SDS/2007/AK/FALS
/data/SDS/2007/AK/FALS/BHE.D
/data/SDS/2007/AK/FALS/BHN.D
/data/SDS/2007/AK/FALS/BHZ.D
/data/SDS/2007/AK/UNV
/data/SDS/2007/AK/UNV/BHE.D
/data/SDS/2007/AK/UNV/BHN.D
/data/SDS/2007/AK/UNV/BHZ.D
/data/SDS/2007/AT
/data/SDS/2007/AT/CHGN
/data/SDS/2007/AT/CHGN/SHZ.D
/data/SDS/2007/AT/SDPT
/data/SDS/2007/AT/SDPT/BHE.D
/data/SDS/2007/AT/SDPT/BHN.D
/data/SDS/2007/AT/SDPT/BHZ.D
/data/SDS/2007/AV
/data/SDS/2007/AV/AKLV
/data/SDS/2007/AV/AKLV/BHE.D
/data/SDS/2007/AV/AKLV/BHN.D
/data/SDS/2007/AV/AKLV/BHZ.D
/data/SDS/2007/AV/AKMO
/data/SDS/2007/AV/AKMO/BHE.D
/data/SDS/2007/AV/AKMO/BHN.D
/data/SDS/2007/AV/AKMO/BHZ.D
/data/SDS/2007/AV/AUE
/data/SDS/2007/AV/AUE/BDF.D
/data/SDS/2007/AV/AUE/BDL.D
/data/SDS/2007/AV/BLDY
/data/SDS/2007/AV/BLDY/EHZ.D
/data/SDS/2007/AV/BLHA
/data/SDS/2007/AV/BLHA/EHZ.D
/data/SDS/2007/AV/BRPK
/data/SDS/2007/AV/BRPK/EHZ.D
/data/SDS/2007/AV/DOL
/data/SDS/2007/AV/DOL/EHZ.D
/data/SDS/2007/AV/DRR3
/data/SDS/2007/AV/DRR3/EHZ.D
/data/SDS/2007/AV/DT1
/data/SDS/2007/AV/DT1/EHZ.D
/data/SDS/2007/AV/DTN
/data/SDS/2007/AV/DTN/EHZ.D
/data/SDS/2007/AV/FONW
/data/SDS/2007/AV/FONW/BDF.D
/data/SDS/2007/AV/FONW/BDL.D
/data/SDS/2007/AV/FOSS
/data/SDS/2007/AV/FOSS/BDF.D
/data/SDS/2007/AV/FOSS/BDL.D
/data/SDS/2007/AV/HAG
/data/SDS/2007/AV/HAG/EHZ.D
/data/SDS/2007/AV/ISNN
/data/SDS/2007/AV/ISNN/EHZ.D
/data/SDS/2007/AV/ISTK
/data/SDS/2007/AV/ISTK/EHZ.D
/data/SDS/2007/AV/MSW
/data/SDS/2007/AV/MSW/EHE.D
/data/SDS/2007/AV/MSW/EHN.D
/data/SDS/2007/AV/MSW/EHZ.D
/data/SDS/2007/AV/MTBL
/data/SDS/2007/AV/MTBL/EHZ.D
/data/SDS/2007/AV/OKWE
/data/SDS/2007/AV/OKWE/EHZ.D
/data/SDS/2007/AV/PN7A
/data/SDS/2007/AV/PN7A/BDF.D
/data/SDS/2007/AV/PN7A/EHZ.D
/data/SDS/2007/AV/PS1A
/data/SDS/2007/AV/PS1A/EHZ.D
/data/SDS/2007/AV/PV6
/data/SDS/2007/AV/PV6/EHE.D
/data/SDS/2007/AV/PV6/EHN.D
/data/SDS/2007/AV/PV6/EHZ.D
/data/SDS/2007/AV/PVV
/data/SDS/2007/AV/PVV/EHZ.D
/data/SDS/2007/AV/SSLN
/data/SDS/2007/AV/SSLN/BDF.D
/data/SDS/2007/AV/SSLN/EHZ.D
/data/SDS/2007/AV/WESE
/data/SDS/2007/AV/WESE/EHZ.D
/data/SDS/2007/AV/WESS
/data/SDS/2007/AV/WESS/EHE.D
/data/SDS/2007/AV/WESS/EHN.D
/data/SDS/2007/AV/WESS/EHZ.D
/data/SDS/2007/MV
/data/SDS/2007/MV/MBWH
/data/SDS/2007/MV/MBWH/BHZ.D
/data/SDS/2008
/data/SDS/2008/AK
/data/SDS/2008/AK/ATKA
/data/SDS/2008/AK/ATKA/BHE.D
/data/SDS/2008/AK/ATKA/BHN.D
/data/SDS/2008/AK/ATKA/BHZ.D
/data/SDS/2008/AK/FALS
/data/SDS/2008/AK/FALS/BHE.D
/data/SDS/2008/AK/FALS/BHN.D
/data/SDS/2008/AK/FALS/BHZ.D
/data/SDS/2008/AK/NIKH
/data/SDS/2008/AK/NIKH/BHE.D
/data/SDS/2008/AK/NIKH/BHN.D
/data/SDS/2008/AK/NIKH/BHZ.D
/data/SDS/2008/AK/NIKO
/data/SDS/2008/AK/NIKO/BHE.D
/data/SDS/2008/AK/NIKO/BHN.D
/data/SDS/2008/AK/NIKO/BHZ.D
/data/SDS/2008/AK/SPIA
/data/SDS/2008/AK/SPIA/BHE.D
/data/SDS/2008/AK/SPIA/BHN.D
/data/SDS/2008/AK/SPIA/BHZ.D
/data/SDS/2008/AK/UNV
/data/SDS/2008/AK/UNV/BHE.D
/data/SDS/2008/AK/UNV/BHN.D
/data/SDS/2008/AK/UNV/BHZ.D
/data/SDS/2008/AT
/data/SDS/2008/AT/AKUT
/data/SDS/2008/AT/AKUT/BHE.D
/data/SDS/2008/AT/AKUT/BHN.D
/data/SDS/2008/AT/AKUT/BHZ.D
/data/SDS/2008/AT/ATTU1
/data/SDS/2008/AT/ATTU1/BHE.D
/data/SDS/2008/AT/ATTU1/BHN.D
/data/SDS/2008/AT/ATTU1/BHZ.D
/data/SDS/2008/AT/ATTU1/SHZ.D
/data/SDS/2008/AT/ATTUB
/data/SDS/2008/AT/ATTUB/BHE.D
/data/SDS/2008/AT/ATTUB/BHN.D
/data/SDS/2008/AT/ATTUB/BHZ.D
/data/SDS/2008/AT/CHGN
/data/SDS/2008/AT/CHGN/SHZ.D
/data/SDS/2008/AT/SDPT
/data/SDS/2008/AT/SDPT/BHE.D
/data/SDS/2008/AT/SDPT/BHN.D
/data/SDS/2008/AT/SDPT/BHZ.D
/data/SDS/2008/AV
/data/SDS/2008/AV/ADAG
/data/SDS/2008/AV/ADAG/EHZ.D
/data/SDS/2008/AV/AHB
/data/SDS/2008/AV/AHB/EHZ.D
/data/SDS/2008/AV/AKGG
/data/SDS/2008/AV/AKGG/BHE.D
/data/SDS/2008/AV/AKGG/BHN.D
/data/SDS/2008/AV/AKGG/BHZ.D
/data/SDS/2008/AV/AKLV
/data/SDS/2008/AV/AKLV/BHE.D
/data/SDS/2008/AV/AKLV/BHN.D
/data/SDS/2008/AV/AKLV/BHZ.D
/data/SDS/2008/AV/AKRB
/data/SDS/2008/AV/AKRB/BHE.D
/data/SDS/2008/AV/AKRB/BHN.D
/data/SDS/2008/AV/AKRB/BHZ.D
/data/SDS/2008/AV/AKS
/data/SDS/2008/AV/AKS/EHE.D
/data/SDS/2008/AV/AKS/EHN.D
/data/SDS/2008/AV/AKS/EHZ.D
/data/SDS/2008/AV/AKV
/data/SDS/2008/AV/AKV/EHZ.D
/data/SDS/2008/AV/AMKA
/data/SDS/2008/AV/AMKA/BHE.D
/data/SDS/2008/AV/AMKA/BHN.D
/data/SDS/2008/AV/AMKA/BHZ.D
/data/SDS/2008/AV/ANNW
/data/SDS/2008/AV/ANNW/EHZ.D
/data/SDS/2008/AV/AUE
/data/SDS/2008/AV/AUE/BDF.D
/data/SDS/2008/AV/AUE/BDL.D
/data/SDS/2008/AV/BLHA
/data/SDS/2008/AV/BLHA/EHZ.D
/data/SDS/2008/AV/CEAP
/data/SDS/2008/AV/CEAP/SHZ.D
/data/SDS/2008/AV/CEPE
/data/SDS/2008/AV/CEPE/SHZ.D
/data/SDS/2008/AV/CERA
/data/SDS/2008/AV/CERA/SHZ.D
/data/SDS/2008/AV/CERB
/data/SDS/2008/AV/CERB/SHE.D
/data/SDS/2008/AV/CERB/SHN.D
/data/SDS/2008/AV/CERB/SHZ.D
/data/SDS/2008/AV/CESW
/data/SDS/2008/AV/CESW/SHZ.D
/data/SDS/2008/AV/CETU
/data/SDS/2008/AV/CETU/SHZ.D
/data/SDS/2008/AV/DOL
/data/SDS/2008/AV/DOL/EHZ.D
/data/SDS/2008/AV/DRR3
/data/SDS/2008/AV/DRR3/EHZ.D
/data/SDS/2008/AV/DT1
/data/SDS/2008/AV/DT1/EHZ.D
/data/SDS/2008/AV/DTN
/data/SDS/2008/AV/DTN/EHZ.D
/data/SDS/2008/AV/ETKA
/data/SDS/2008/AV/ETKA/EHZ.D
/data/SDS/2008/AV/FONW
/data/SDS/2008/AV/FONW/BDF.D
/data/SDS/2008/AV/FONW/BDL.D
/data/SDS/2008/AV/FOSS
/data/SDS/2008/AV/FOSS/BDF.D
/data/SDS/2008/AV/FOSS/BDL.D
/data/SDS/2008/AV/GAEA
/data/SDS/2008/AV/GAEA/EHZ.D
/data/SDS/2008/AV/GAKI
/data/SDS/2008/AV/GAKI/EHZ.D
/data/SDS/2008/AV/GALA
/data/SDS/2008/AV/GALA/EHZ.D
/data/SDS/2008/AV/GANE
/data/SDS/2008/AV/GANE/EHZ.D
/data/SDS/2008/AV/GSCK
/data/SDS/2008/AV/GSCK/EHZ.D
/data/SDS/2008/AV/GSIG
/data/SDS/2008/AV/GSIG/EHZ.D
/data/SDS/2008/AV/GSMY
/data/SDS/2008/AV/GSMY/EHZ.D
/data/SDS/2008/AV/GSSP
/data/SDS/2008/AV/GSSP/EHZ.D
/data/SDS/2008/AV/GSTD
/data/SDS/2008/AV/GSTD/EHE.D
/data/SDS/2008/AV/GSTD/EHN.D
/data/SDS/2008/AV/GSTD/EHZ.D
/data/SDS/2008/AV/GSTR
/data/SDS/2008/AV/GSTR/EHZ.D
/data/SDS/2008/AV/KICM
/data/SDS/2008/AV/KICM/EHZ.D
/data/SDS/2008/AV/KIKV
/data/SDS/2008/AV/KIKV/EHZ.D
/data/SDS/2008/AV/KIMD
/data/SDS/2008/AV/KIMD/EHZ.D
/data/SDS/2008/AV/KINC
/data/SDS/2008/AV/KINC/EHZ.D
/data/SDS/2008/AV/KIRH
/data/SDS/2008/AV/KIRH/EHZ.D
/data/SDS/2008/AV/KOFP
/data/SDS/2008/AV/KOFP/EHZ.D
/data/SDS/2008/AV/KOKL
/data/SDS/2008/AV/KOKL/EHZ.D
/data/SDS/2008/AV/KOKV
/data/SDS/2008/AV/KOKV/EHE.D
/data/SDS/2008/AV/KOKV/EHN.D
/data/SDS/2008/AV/KOKV/EHZ.D
/data/SDS/2008/AV/KOSE
/data/SDS/2008/AV/KOSE/EHZ.D
/data/SDS/2008/AV/KOWE
/data/SDS/2008/AV/KOWE/EHZ.D
/data/SDS/2008/AV/LSNW
/data/SDS/2008/AV/LSNW/SHZ.D
/data/SDS/2008/AV/LSPA
/data/SDS/2008/AV/LSPA/SHE.D
/data/SDS/2008/AV/LSPA/SHN.D
/data/SDS/2008/AV/LSPA/SHZ.D
/data/SDS/2008/AV/LSSA
/data/SDS/2008/AV/LSSA/SHZ.D
/data/SDS/2008/AV/LSSE
/data/SDS/2008/AV/LSSE/SHZ.D
/data/SDS/2008/AV/LVA
/data/SDS/2008/AV/LVA/EHZ.D
/data/SDS/2008/AV/MCIR
/data/SDS/2008/AV/MCIR/EHZ.D
/data/SDS/2008/AV/MGOD
/data/SDS/2008/AV/MGOD/EHZ.D
/data/SDS/2008/AV/MREP
/data/SDS/2008/AV/MREP/EHZ.D
/data/SDS/2008/AV/MSOM
/data/SDS/2008/AV/MSOM/EHZ.D
/data/SDS/2008/AV/MSW
/data/SDS/2008/AV/MSW/EHE.D
/data/SDS/2008/AV/MSW/EHN.D
/data/SDS/2008/AV/MSW/EHZ.D
/data/SDS/2008/AV/MTBL
/data/SDS/2008/AV/MTBL/EHZ.D
/data/SDS/2008/AV/OKAK
/data/SDS/2008/AV/OKAK/EHZ.D
/data/SDS/2008/AV/OKCD
/data/SDS/2008/AV/OKCD/BHE.D
/data/SDS/2008/AV/OKCD/BHN.D
/data/SDS/2008/AV/OKCD/BHZ.D
/data/SDS/2008/AV/OKCE
/data/SDS/2008/AV/OKCE/BHE.D
/data/SDS/2008/AV/OKCE/BHN.D
/data/SDS/2008/AV/OKCE/BHZ.D
/data/SDS/2008/AV/OKCF
/data/SDS/2008/AV/OKCF/EHZ.D
/data/SDS/2008/AV/OKER
/data/SDS/2008/AV/OKER/EHZ.D
/data/SDS/2008/AV/OKFG
/data/SDS/2008/AV/OKFG/BHE.D
/data/SDS/2008/AV/OKFG/BHN.D
/data/SDS/2008/AV/OKFG/BHZ.D
/data/SDS/2008/AV/OKID
/data/SDS/2008/AV/OKID/EHZ.D
/data/SDS/2008/AV/OKRE
/data/SDS/2008/AV/OKRE/EHZ.D
/data/SDS/2008/AV/OKSO
/data/SDS/2008/AV/OKSO/BHE.D
/data/SDS/2008/AV/OKSO/BHN.D
/data/SDS/2008/AV/OKSO/BHZ.D
/data/SDS/2008/AV/OKSP
/data/SDS/2008/AV/OKSP/EHZ.D
/data/SDS/2008/AV/OKTU
/data/SDS/2008/AV/OKTU/EHZ.D
/data/SDS/2008/AV/OKWE
/data/SDS/2008/AV/OKWE/EHZ.D
/data/SDS/2008/AV/OKWR
/data/SDS/2008/AV/OKWR/EHZ.D
/data/SDS/2008/AV/PN7A
/data/SDS/2008/AV/PN7A/BDF.D
/data/SDS/2008/AV/PN7A/EHZ.D
/data/SDS/2008/AV/PV6
/data/SDS/2008/AV/PV6/EHE.D
/data/SDS/2008/AV/PV6/EHN.D
/data/SDS/2008/AV/PV6/EHZ.D
/data/SDS/2008/AV/PVV
/data/SDS/2008/AV/PVV/EHZ.D
/data/SDS/2008/AV/SSLN
/data/SDS/2008/AV/SSLN/BDF.D
/data/SDS/2008/AV/TAFL
/data/SDS/2008/AV/TAFL/EHZ.D
/data/SDS/2008/AV/TAFP
/data/SDS/2008/AV/TAFP/EHE.D
/data/SDS/2008/AV/TAFP/EHN.D
/data/SDS/2008/AV/TAFP/EHZ.D
/data/SDS/2008/AV/TANO
/data/SDS/2008/AV/TANO/EHZ.D
/data/SDS/2008/AV/TAPA
/data/SDS/2008/AV/TAPA/EHZ.D
/data/SDS/2008/AV/TASE
/data/SDS/2008/AV/TASE/EHZ.D
/data/SDS/2008/AV/VNFG
/data/SDS/2008/AV/VNFG/EHZ.D
/data/SDS/2008/AV/VNHG
/data/SDS/2008/AV/VNHG/EHZ.D
/data/SDS/2008/AV/VNKR
/data/SDS/2008/AV/VNKR/EHZ.D
/data/SDS/2008/AV/VNNF
/data/SDS/2008/AV/VNNF/EHZ.D
/data/SDS/2008/AV/VNSG
/data/SDS/2008/AV/VNSG/EHZ.D
/data/SDS/2008/AV/VNSS
/data/SDS/2008/AV/VNSS/EHZ.D
/data/SDS/2008/AV/VNSW
/data/SDS/2008/AV/VNSW/EHZ.D
/data/SDS/2008/AV/VNWF
/data/SDS/2008/AV/VNWF/EHZ.D
/data/SDS/2008/AV/ZRO
/data/SDS/2008/AV/ZRO/EHZ.D
/data/SDS/2008/IU
/data/SDS/2008/IU/ADK
/data/SDS/2008/IU/ADK/BHE.D
/data/SDS/2008/IU/ADK/BHN.D
/data/SDS/2008/IU/ADK/BHZ.D
/data/SDS/2009
/data/SDS/2009/AK
/data/SDS/2009/AK/BAL
/data/SDS/2009/AK/BAL/EHZ.D
/data/SDS/2009/AK/BMR
/data/SDS/2009/AK/BMR/BHE.D
/data/SDS/2009/AK/BMR/BHN.D
/data/SDS/2009/AK/BMR/BHZ.D
/data/SDS/2009/AK/BRLK
/data/SDS/2009/AK/BRLK/BHE.D
/data/SDS/2009/AK/BRLK/BHN.D
/data/SDS/2009/AK/BRLK/BHZ.D
/data/SDS/2009/AK/CAST
/data/SDS/2009/AK/CAST/BHE.D
/data/SDS/2009/AK/CAST/BHN.D
/data/SDS/2009/AK/CAST/BHZ.D
/data/SDS/2009/AK/CCB
/data/SDS/2009/AK/CCB/EHZ.D
/data/SDS/2009/AK/CCB/SHZ.D
/data/SDS/2009/AK/CHI
/data/SDS/2009/AK/CHI/BHE.D
/data/SDS/2009/AK/CHI/BHN.D
/data/SDS/2009/AK/CHI/BHZ.D
/data/SDS/2009/AK/COLD
/data/SDS/2009/AK/COLD/BHE.D
/data/SDS/2009/AK/COLD/BHN.D
/data/SDS/2009/AK/COLD/BHZ.D
/data/SDS/2009/AK/CUT
/data/SDS/2009/AK/CUT/EHZ.D
/data/SDS/2009/AK/DDM
/data/SDS/2009/AK/DDM/SHZ.D
/data/SDS/2009/AK/DHY
/data/SDS/2009/AK/DHY/BHE.D
/data/SDS/2009/AK/DHY/BHN.D
/data/SDS/2009/AK/DHY/BHZ.D
/data/SDS/2009/AK/DIV
/data/SDS/2009/AK/DIV/BHE.D
/data/SDS/2009/AK/DIV/BHN.D
/data/SDS/2009/AK/DIV/BHZ.D
/data/SDS/2009/AK/DOT
/data/SDS/2009/AK/DOT/BHE.D
/data/SDS/2009/AK/DOT/BHN.D
/data/SDS/2009/AK/DOT/BHZ.D
/data/SDS/2009/AK/EYAK
/data/SDS/2009/AK/EYAK/BHE.D
/data/SDS/2009/AK/EYAK/BHN.D
/data/SDS/2009/AK/EYAK/BHZ.D
/data/SDS/2009/AK/FIB
/data/SDS/2009/AK/FIB/BHE.D
/data/SDS/2009/AK/FIB/BHN.D
/data/SDS/2009/AK/FIB/BHZ.D
/data/SDS/2009/AK/GHO
/data/SDS/2009/AK/GHO/SHZ.D
/data/SDS/2009/AK/GLM
/data/SDS/2009/AK/GLM/SHZ.D
/data/SDS/2009/AK/HDA
/data/SDS/2009/AK/HDA/SHZ.D
/data/SDS/2009/AK/KAI
/data/SDS/2009/AK/KAI/EHZ.D
/data/SDS/2009/AK/KLU
/data/SDS/2009/AK/KLU/EHZ.D
/data/SDS/2009/AK/KLU/SHZ.D
/data/SDS/2009/AK/KNK
/data/SDS/2009/AK/KNK/SHZ.D
/data/SDS/2009/AK/MCK
/data/SDS/2009/AK/MCK/BHE.D
/data/SDS/2009/AK/MCK/BHN.D
/data/SDS/2009/AK/MCK/BHZ.D
/data/SDS/2009/AK/MDM
/data/SDS/2009/AK/MDM/BHE.D
/data/SDS/2009/AK/MDM/BHN.D
/data/SDS/2009/AK/MDM/BHZ.D
/data/SDS/2009/AK/MDM/EHZ.D
/data/SDS/2009/AK/MLY
/data/SDS/2009/AK/MLY/EHZ.D
/data/SDS/2009/AK/NEA
/data/SDS/2009/AK/NEA/EHZ.D
/data/SDS/2009/AK/NKA
/data/SDS/2009/AK/NKA/EHZ.D
/data/SDS/2009/AK/NNL
/data/SDS/2009/AK/NNL/EHZ.D
/data/SDS/2009/AK/PAX
/data/SDS/2009/AK/PAX/BHE.D
/data/SDS/2009/AK/PAX/BHN.D
/data/SDS/2009/AK/PAX/BHZ.D
/data/SDS/2009/AK/PNL
/data/SDS/2009/AK/PNL/BHE.D
/data/SDS/2009/AK/PNL/BHN.D
/data/SDS/2009/AK/PNL/BHZ.D
/data/SDS/2009/AK/PNL/EHZ.D
/data/SDS/2009/AK/PPLA
/data/SDS/2009/AK/PPLA/BHE.D
/data/SDS/2009/AK/PPLA/BHN.D
/data/SDS/2009/AK/PPLA/BHZ.D
/data/SDS/2009/AK/RAG
/data/SDS/2009/AK/RAG/BHE.D
/data/SDS/2009/AK/RAG/BHN.D
/data/SDS/2009/AK/RAG/BHZ.D
/data/SDS/2009/AK/RAG/EHZ.D
/data/SDS/2009/AK/RC01
/data/SDS/2009/AK/RC01/BHE.D
/data/SDS/2009/AK/RC01/BHN.D
/data/SDS/2009/AK/RC01/BHZ.D
/data/SDS/2009/AK/RIDG
/data/SDS/2009/AK/RIDG/BHE.D
/data/SDS/2009/AK/RIDG/BHN.D
/data/SDS/2009/AK/RIDG/BHZ.D
/data/SDS/2009/AK/RND
/data/SDS/2009/AK/RND/BHE.D
/data/SDS/2009/AK/RND/BHN.D
/data/SDS/2009/AK/RND/BHZ.D
/data/SDS/2009/AK/RND/EHZ.D
/data/SDS/2009/AK/SAW
/data/SDS/2009/AK/SAW/BHE.D
/data/SDS/2009/AK/SAW/BHN.D
/data/SDS/2009/AK/SAW/BHZ.D
/data/SDS/2009/AK/SCM
/data/SDS/2009/AK/SCM/SHZ.D
/data/SDS/2009/AK/SCRK
/data/SDS/2009/AK/SCRK/BHE.D
/data/SDS/2009/AK/SCRK/BHN.D
/data/SDS/2009/AK/SCRK/BHZ.D
/data/SDS/2009/AK/SKN
/data/SDS/2009/AK/SKN/BHE.D
/data/SDS/2009/AK/SKN/BHN.D
/data/SDS/2009/AK/SKN/BHZ.D
/data/SDS/2009/AK/SKN/EHE.D
/data/SDS/2009/AK/SKN/EHN.D
/data/SDS/2009/AK/SKN/EHZ.D
/data/SDS/2009/AK/SLK
/data/SDS/2009/AK/SLK/EHZ.D
/data/SDS/2009/AK/SLK/SHZ.D
/data/SDS/2009/AK/SSN
/data/SDS/2009/AK/SSN/BHE.D
/data/SDS/2009/AK/SSN/BHN.D
/data/SDS/2009/AK/SSN/BHZ.D
/data/SDS/2009/AK/SSN/EHZ.D
/data/SDS/2009/AK/SWD
/data/SDS/2009/AK/SWD/BHE.D
/data/SDS/2009/AK/SWD/BHN.D
/data/SDS/2009/AK/SWD/BHZ.D
/data/SDS/2009/AK/TRAP
/data/SDS/2009/AK/TRAP/EHZ.D
/data/SDS/2009/AK/TRF
/data/SDS/2009/AK/TRF/BHE.D
/data/SDS/2009/AK/TRF/BHN.D
/data/SDS/2009/AK/TRF/BHZ.D
/data/SDS/2009/AK/VLZ
/data/SDS/2009/AK/VLZ/EHE.D
/data/SDS/2009/AK/VLZ/EHN.D
/data/SDS/2009/AK/VLZ/EHZ.D
/data/SDS/2009/AK/WRH
/data/SDS/2009/AK/WRH/EHZ.D
/data/SDS/2009/AT
/data/SDS/2009/AT/MID
/data/SDS/2009/AT/MID/BHE.D
/data/SDS/2009/AT/MID/BHN.D
/data/SDS/2009/AT/MID/BHZ.D
/data/SDS/2009/AT/OHAK
/data/SDS/2009/AT/OHAK/BHE.D
/data/SDS/2009/AT/OHAK/BHN.D
/data/SDS/2009/AT/OHAK/BHZ.D
/data/SDS/2009/AT/PMR
/data/SDS/2009/AT/PMR/BHE.D
/data/SDS/2009/AT/PMR/BHN.D
/data/SDS/2009/AT/PMR/BHZ.D
/data/SDS/2009/AT/SVW2
/data/SDS/2009/AT/SVW2/BHE.D
/data/SDS/2009/AT/SVW2/BHN.D
/data/SDS/2009/AT/SVW2/BHZ.D
/data/SDS/2009/AV
/data/SDS/2009/AV/ANNE
/data/SDS/2009/AV/ANNE/EHZ.D
/data/SDS/2009/AV/AUE
/data/SDS/2009/AV/AUE/BDF.D
/data/SDS/2009/AV/AUE/BDL.D
/data/SDS/2009/AV/AUH
/data/SDS/2009/AV/AUH/EHZ.D
/data/SDS/2009/AV/AUI
/data/SDS/2009/AV/AUI/EHE.D
/data/SDS/2009/AV/AUI/EHN.D
/data/SDS/2009/AV/AUI/EHZ.D
/data/SDS/2009/AV/AUL
/data/SDS/2009/AV/AUL/BHE.D
/data/SDS/2009/AV/AUL/BHN.D
/data/SDS/2009/AV/AUL/BHZ.D
/data/SDS/2009/AV/AUL/EHZ.D
/data/SDS/2009/AV/AUNW
/data/SDS/2009/AV/AUNW/EHZ.D
/data/SDS/2009/AV/AUP
/data/SDS/2009/AV/AUP/EHZ.D
/data/SDS/2009/AV/AUSE
/data/SDS/2009/AV/AUSE/EHZ.D
/data/SDS/2009/AV/AUW
/data/SDS/2009/AV/AUW/EHZ.D
/data/SDS/2009/AV/BGL
/data/SDS/2009/AV/BGL/EHZ.D
/data/SDS/2009/AV/BGR
/data/SDS/2009/AV/BGR/EHZ.D
/data/SDS/2009/AV/BKG
/data/SDS/2009/AV/BKG/EHZ.D
/data/SDS/2009/AV/CAHL
/data/SDS/2009/AV/CAHL/EHZ.D
/data/SDS/2009/AV/CGL
/data/SDS/2009/AV/CGL/EHZ.D
/data/SDS/2009/AV/CKL
/data/SDS/2009/AV/CKL/EHZ.D
/data/SDS/2009/AV/CKN
/data/SDS/2009/AV/CKN/EHZ.D
/data/SDS/2009/AV/CKT
/data/SDS/2009/AV/CKT/EHZ.D
/data/SDS/2009/AV/CP2
/data/SDS/2009/AV/CP2/EHZ.D
/data/SDS/2009/AV/CRP
/data/SDS/2009/AV/CRP/EHE.D
/data/SDS/2009/AV/CRP/EHN.D
/data/SDS/2009/AV/CRP/EHZ.D
/data/SDS/2009/AV/DFR
/data/SDS/2009/AV/DFR/BDF.D
/data/SDS/2009/AV/DFR/BDL.D
/data/SDS/2009/AV/DFR/EHZ.D
/data/SDS/2009/AV/FONW
/data/SDS/2009/AV/FONW/BDF.D
/data/SDS/2009/AV/FONW/BDL.D
/data/SDS/2009/AV/FOPK
/data/SDS/2009/AV/FOPK/EHZ.D
/data/SDS/2009/AV/FOSS
/data/SDS/2009/AV/FOSS/BDF.D
/data/SDS/2009/AV/FOSS/BDL.D
/data/SDS/2009/AV/FOSS/EHZ.D
/data/SDS/2009/AV/HOM
/data/SDS/2009/AV/HOM/EHZ.D
/data/SDS/2009/AV/ILI
/data/SDS/2009/AV/ILI/EHZ.D
/data/SDS/2009/AV/ILS
/data/SDS/2009/AV/ILS/EHZ.D
/data/SDS/2009/AV/ILW
/data/SDS/2009/AV/ILW/EHZ.D
/data/SDS/2009/AV/INE
/data/SDS/2009/AV/INE/EHZ.D
/data/SDS/2009/AV/IVE
/data/SDS/2009/AV/IVE/EHE.D
/data/SDS/2009/AV/IVE/EHN.D
/data/SDS/2009/AV/IVE/EHZ.D
/data/SDS/2009/AV/IVS
/data/SDS/2009/AV/IVS/EHZ.D
/data/SDS/2009/AV/KABR
/data/SDS/2009/AV/KABR/EHZ.D
/data/SDS/2009/AV/KABU
/data/SDS/2009/AV/KABU/BHE.D
/data/SDS/2009/AV/KABU/BHN.D
/data/SDS/2009/AV/KABU/BHZ.D
/data/SDS/2009/AV/KAHC
/data/SDS/2009/AV/KAHC/EHZ.D
/data/SDS/2009/AV/KAHG
/data/SDS/2009/AV/KAHG/EHZ.D
/data/SDS/2009/AV/KAKN
/data/SDS/2009/AV/KAKN/BHE.D
/data/SDS/2009/AV/KAKN/BHN.D
/data/SDS/2009/AV/KAKN/BHZ.D
/data/SDS/2009/AV/KAPH
/data/SDS/2009/AV/KAPH/EHE.D
/data/SDS/2009/AV/KAPH/EHN.D
/data/SDS/2009/AV/KAPH/EHZ.D
/data/SDS/2009/AV/KARR
/data/SDS/2009/AV/KARR/EHZ.D
/data/SDS/2009/AV/KAWH
/data/SDS/2009/AV/KAWH/EHZ.D
/data/SDS/2009/AV/KBM
/data/SDS/2009/AV/KBM/EHZ.D
/data/SDS/2009/AV/KCE
/data/SDS/2009/AV/KCE/EHZ.D
/data/SDS/2009/AV/KCG
/data/SDS/2009/AV/KCG/EHE.D
/data/SDS/2009/AV/KCG/EHN.D
/data/SDS/2009/AV/KCG/EHZ.D
/data/SDS/2009/AV/KEL
/data/SDS/2009/AV/KEL/EHZ.D
/data/SDS/2009/AV/KVT
/data/SDS/2009/AV/KVT/EHZ.D
/data/SDS/2009/AV/MMN
/data/SDS/2009/AV/MMN/EHZ.D
/data/SDS/2009/AV/NCG
/data/SDS/2009/AV/NCG/EHZ.D
/data/SDS/2009/AV/NCT
/data/SDS/2009/AV/NCT/EHZ.D
/data/SDS/2009/AV/OPT
/data/SDS/2009/AV/OPT/EHZ.D
/data/SDS/2009/AV/PN7A
/data/SDS/2009/AV/PN7A/BDF.D
/data/SDS/2009/AV/RDE
/data/SDS/2009/AV/RDE/EHZ.D
/data/SDS/2009/AV/RDJH
/data/SDS/2009/AV/RDJH/BHE.D
/data/SDS/2009/AV/RDJH/BHN.D
/data/SDS/2009/AV/RDJH/BHZ.D
/data/SDS/2009/AV/RDJH/PDB
/data/SDS/2009/AV/RDJH/PDB/EHZ.D
/data/SDS/2009/AV/RDN
/data/SDS/2009/AV/RDN/EHZ.D
/data/SDS/2009/AV/RDT
/data/SDS/2009/AV/RDT/EHZ.D
/data/SDS/2009/AV/RDWB
/data/SDS/2009/AV/RDWB/BHE.D
/data/SDS/2009/AV/RDWB/BHN.D
/data/SDS/2009/AV/RDWB/BHZ.D
/data/SDS/2009/AV/RED
/data/SDS/2009/AV/RED/EHE.D
/data/SDS/2009/AV/RED/EHN.D
/data/SDS/2009/AV/RED/EHZ.D
/data/SDS/2009/AV/REF
/data/SDS/2009/AV/REF/EHE.D
/data/SDS/2009/AV/REF/EHN.D
/data/SDS/2009/AV/REF/EHZ.D
/data/SDS/2009/AV/RSO
/data/SDS/2009/AV/RSO/EHZ.D
/data/SDS/2009/AV/SPBG
/data/SDS/2009/AV/SPBG/BHE.D
/data/SDS/2009/AV/SPBG/BHN.D
/data/SDS/2009/AV/SPBG/BHZ.D
/data/SDS/2009/AV/SPCG
/data/SDS/2009/AV/SPCG/BHE.D
/data/SDS/2009/AV/SPCG/BHN.D
/data/SDS/2009/AV/SPCG/BHZ.D
/data/SDS/2009/AV/SPNW
/data/SDS/2009/AV/SPNW/EHZ.D
/data/SDS/2009/AV/SPU
/data/SDS/2009/AV/SPU/EHZ.D
/data/SDS/2009/AV/SPWE
/data/SDS/2009/AV/SPWE/EHZ.D
/data/SDS/2009/AV/SSLN
/data/SDS/2009/AV/SSLN/BDF.D
/data/SDS/2009/AV/STLK
/data/SDS/2009/AV/STLK/EHZ.D
/data/SDS/2009/AV/VNHG
/data/SDS/2009/AV/VNHG/EHZ.D
/data/SDS/2009/AV/WASW
/data/SDS/2009/AV/WASW/EHZ.D
/data/SDS/2009/CN
/data/SDS/2009/CN/DAWY
/data/SDS/2009/CN/DAWY/BHE.D
/data/SDS/2009/CN/DAWY/BHN.D
/data/SDS/2009/CN/DAWY/BHZ.D
/data/SDS/2009/EL
/data/SDS/2009/EL/BC03
/data/SDS/2009/EL/BC03/SHZ.D
/data/SDS/2009/EL/BM03
/data/SDS/2009/EL/BM03/SHZ.D
/data/SDS/2009/EL/IL01
/data/SDS/2009/EL/IL01/SHZ.D
/data/SDS/2009/EL/IM03
/data/SDS/2009/EL/IM03/SHZ.D
/data/SDS/2009/EL/TT01
/data/SDS/2009/EL/TT01/SHZ.D
/data/SDS/2009/II
/data/SDS/2009/II/KDAK
/data/SDS/2009/II/KDAK/BH1.D
/data/SDS/2009/II/KDAK/BH2.D
/data/SDS/2009/II/KDAK/BHE.D
/data/SDS/2009/II/KDAK/BHN.D
/data/SDS/2009/II/KDAK/BHZ.D
/data/SDS/2009/IU
/data/SDS/2009/IU/COLA
/data/SDS/2009/IU/COLA/BHE.D
/data/SDS/2009/IU/COLA/BHN.D
/data/SDS/2009/IU/COLA/BHZ.D
/data/SDS/2009/PP
/data/SDS/2009/PP/GCSA
/data/SDS/2009/PP/GCSA/BHE.D
/data/SDS/2009/PP/GCSA/BHN.D
/data/SDS/2009/PP/GCSA/BHZ.D
/data/SDS/2009/PS
/data/SDS/2009/PS/PS05
/data/SDS/2009/PS/PS05/BHE.D
/data/SDS/2009/PS/PS05/BHN.D
/data/SDS/2009/PS/PS05/BHZ.D
/data/SDS/2009/PS/PS06
/data/SDS/2009/PS/PS06/BHE.D
/data/SDS/2009/PS/PS06/BHN.D
/data/SDS/2009/PS/PS06/BHZ.D
/data/SDS/2009/PS/PS08
/data/SDS/2009/PS/PS08/BHE.D
/data/SDS/2009/PS/PS08/BHN.D
/data/SDS/2009/PS/PS08/BHZ.D
/data/SDS/2009/PS/PS10
/data/SDS/2009/PS/PS10/BHE.D
/data/SDS/2009/PS/PS10/BHN.D
/data/SDS/2009/PS/PS10/BHZ.D
/data/SDS/2009/PS/PS11
/data/SDS/2009/PS/PS11/BHE.D
/data/SDS/2009/PS/PS11/BHN.D
/data/SDS/2009/PS/PS11/BHZ.D
/data/SDS/2009/PS/PS12
/data/SDS/2009/PS/PS12/BHE.D
/data/SDS/2009/PS/PS12/BHN.D
/data/SDS/2009/PS/PS12/BHZ.D
/data/SDS/2011
/data/SDS/2011/AK
/data/SDS/2011/AK/ATKA
/data/SDS/2011/AK/ATKA/BHE.D
/data/SDS/2011/AK/ATKA/BHN.D
/data/SDS/2011/AK/ATKA/BHZ.D
/data/SDS/2011/AK/NIKH
/data/SDS/2011/AK/NIKH/BHE.D
/data/SDS/2011/AK/NIKH/BHN.D
/data/SDS/2011/AK/NIKH/BHZ.D
/data/SDS/2011/AK/UNV
/data/SDS/2011/AK/UNV/BHE.D
/data/SDS/2011/AK/UNV/BHN.D
/data/SDS/2011/AK/UNV/BHZ.D
/data/SDS/2011/AT
/data/SDS/2011/AT/AKUT
/data/SDS/2011/AT/AKUT/BHE.D
/data/SDS/2011/AT/AKUT/BHN.D
/data/SDS/2011/AT/AKUT/BHZ.D
/data/SDS/2011/AV
/data/SDS/2011/AV/AKMO
/data/SDS/2011/AV/AKMO/BHE.D
/data/SDS/2011/AV/AKMO/BHN.D
/data/SDS/2011/AV/AKMO/BHZ.D
/data/SDS/2011/AV/AKS
/data/SDS/2011/AV/AKS/BDF.D
/data/SDS/2011/AV/AUE
/data/SDS/2011/AV/AUE/BDF.D
/data/SDS/2011/AV/AUE/BDL.D
/data/SDS/2011/AV/DFR
/data/SDS/2011/AV/DFR/BDF.D
/data/SDS/2011/AV/DFR/BDL.D
/data/SDS/2011/AV/DLL1
/data/SDS/2011/AV/DLL1/BDF.D
/data/SDS/2011/AV/DLL2
/data/SDS/2011/AV/DLL2/BDF.D
/data/SDS/2011/AV/DLL3
/data/SDS/2011/AV/DLL3/BDF.D
/data/SDS/2011/AV/DLL4
/data/SDS/2011/AV/DLL4/BDF.D
/data/SDS/2011/AV/DLL5
/data/SDS/2011/AV/DLL5/BDF.D
/data/SDS/2011/AV/DLL6
/data/SDS/2011/AV/DLL6/BDF.D
/data/SDS/2011/AV/FONW
/data/SDS/2011/AV/FONW/BDF.D
/data/SDS/2011/AV/FONW/BDL.D
/data/SDS/2011/AV/FOSS
/data/SDS/2011/AV/FOSS/BDF.D
/data/SDS/2011/AV/FOSS/BDL.D
/data/SDS/2011/AV/KOFP
/data/SDS/2011/AV/KOFP/EHZ.D
/data/SDS/2011/AV/MGOD
/data/SDS/2011/AV/MGOD/EHZ.D
/data/SDS/2011/AV/MREP
/data/SDS/2011/AV/MREP/EHZ.D
/data/SDS/2011/AV/MSOM
/data/SDS/2011/AV/MSOM/EHZ.D
/data/SDS/2011/AV/MSW
/data/SDS/2011/AV/MSW/BHE.D
/data/SDS/2011/AV/MSW/BHN.D
/data/SDS/2011/AV/MSW/BHZ.D
/data/SDS/2011/AV/MSW/EHE.D
/data/SDS/2011/AV/MSW/EHN.D
/data/SDS/2011/AV/MSW/EHZ.D
/data/SDS/2011/AV/OK01
/data/SDS/2011/AV/OK01/BDF.D
/data/SDS/2011/AV/OK02
/data/SDS/2011/AV/OK02/BDF.D
/data/SDS/2011/AV/OK03
/data/SDS/2011/AV/OK03/BDF.D
/data/SDS/2011/AV/OK04
/data/SDS/2011/AV/OK04/BDF.D
/data/SDS/2011/AV/OK05
/data/SDS/2011/AV/OK05/BDF.D
/data/SDS/2011/AV/OK06
/data/SDS/2011/AV/OK06/BDF.D
/data/SDS/2011/AV/OKAK
/data/SDS/2011/AV/OKAK/EHZ.D
/data/SDS/2011/AV/OKFG
/data/SDS/2011/AV/OKFG/BHE.D
/data/SDS/2011/AV/OKFG/BHN.D
/data/SDS/2011/AV/OKFG/BHZ.D
/data/SDS/2011/AV/OKSO
/data/SDS/2011/AV/OKSO/BHE.D
/data/SDS/2011/AV/OKSO/BHN.D
/data/SDS/2011/AV/OKSO/BHZ.D
/data/SDS/2011/AV/OKSP
/data/SDS/2011/AV/OKSP/EHZ.D
/data/SDS/2011/AV/OKTU
/data/SDS/2011/AV/OKTU/EHZ.D
/data/SDS/2011/AV/OKWE
/data/SDS/2011/AV/OKWE/EHZ.D
/data/SDS/2011/AV/PN7A
/data/SDS/2011/AV/PN7A/BDF.D
/data/SDS/2011/AV/SSLN
/data/SDS/2011/AV/SSLN/BDF.D
/data/SDS/2012
/data/SDS/2012/AV
/data/SDS/2012/AV/ADAG
/data/SDS/2012/AV/ADAG/EHZ.D
/data/SDS/2012/AV/AKS
/data/SDS/2012/AV/AKS/BDF.D
/data/SDS/2012/AV/AUE
/data/SDS/2012/AV/AUE/BDF.D
/data/SDS/2012/AV/AUE/BDL.D
/data/SDS/2012/AV/DFR
/data/SDS/2012/AV/DFR/BDF.D
/data/SDS/2012/AV/DFR/BDL.D
/data/SDS/2012/AV/DLL1
/data/SDS/2012/AV/DLL1/BDF.D
/data/SDS/2012/AV/DLL2
/data/SDS/2012/AV/DLL2/BDF.D
/data/SDS/2012/AV/DLL3
/data/SDS/2012/AV/DLL3/BDF.D
/data/SDS/2012/AV/DLL4
/data/SDS/2012/AV/DLL4/BDF.D
/data/SDS/2012/AV/DLL5
/data/SDS/2012/AV/DLL5/BDF.D
/data/SDS/2012/AV/DLL6
/data/SDS/2012/AV/DLL6/BDF.D
/data/SDS/2012/AV/FONW
/data/SDS/2012/AV/FONW/BDF.D
/data/SDS/2012/AV/FONW/BDL.D
/data/SDS/2012/AV/FOSS
/data/SDS/2012/AV/FOSS/BDF.D
/data/SDS/2012/AV/FOSS/BDL.D
/data/SDS/2012/AV/GSMY
/data/SDS/2012/AV/GSMY/EHZ.D
/data/SDS/2012/AV/GSTD
/data/SDS/2012/AV/GSTD/EHE.D
/data/SDS/2012/AV/GSTD/EHN.D
/data/SDS/2012/AV/GSTD/EHZ.D
/data/SDS/2012/AV/KICM
/data/SDS/2012/AV/KICM/EHZ.D
/data/SDS/2012/AV/KIKV
/data/SDS/2012/AV/KIKV/EHZ.D
/data/SDS/2012/AV/KIMD
/data/SDS/2012/AV/KIMD/EHZ.D
/data/SDS/2012/AV/KINC
/data/SDS/2012/AV/KINC/EHZ.D
/data/SDS/2012/AV/KIRH
/data/SDS/2012/AV/KIRH/EHZ.D
/data/SDS/2012/AV/KIWB
/data/SDS/2012/AV/KIWB/EHZ.D
/data/SDS/2012/AV/KOFP
/data/SDS/2012/AV/KOFP/EHZ.D
/data/SDS/2012/AV/KOWE
/data/SDS/2012/AV/KOWE/EHZ.D
/data/SDS/2012/AV/MSW
/data/SDS/2012/AV/MSW/BDF.D
/data/SDS/2012/AV/PN7A
/data/SDS/2012/AV/PN7A/BDF.D
/data/SDS/2012/AV/SSLN
/data/SDS/2012/AV/SSLN/BDF.D
/data/SDS/2012/AV/TAFL
/data/SDS/2012/AV/TAFL/EHZ.D
/data/SDS/2012/AV/TAFP
/data/SDS/2012/AV/TAFP/EHE.D
/data/SDS/2012/AV/TAFP/EHN.D
/data/SDS/2012/AV/TAFP/EHZ.D
/data/SDS/2012/AV/TAPA
/data/SDS/2012/AV/TAPA/EHZ.D
/data/SDS/2012/AV/TASE
/data/SDS/2012/AV/TASE/EHZ.D
/data/SDS/2012/MV
/data/SDS/2012/MV/MBBY
/data/SDS/2012/MV/MBBY/BHE.D
/data/SDS/2012/MV/MBBY/BHN.D
/data/SDS/2012/MV/MBBY/BHZ.D
/data/SDS/2012/MV/MBFR
/data/SDS/2012/MV/MBFR/BHE.D
/data/SDS/2012/MV/MBFR/BHN.D
/data/SDS/2012/MV/MBFR/BHZ.D
/data/SDS/2012/MV/MBGB
/data/SDS/2012/MV/MBGB/BHE.D
/data/SDS/2012/MV/MBGB/BHN.D
/data/SDS/2012/MV/MBGB/BHZ.D
/data/SDS/2012/MV/MBGH
/data/SDS/2012/MV/MBGH/BHE.D
/data/SDS/2012/MV/MBGH/BHN.D
/data/SDS/2012/MV/MBGH/BHZ.D
/data/SDS/2012/MV/MBLG
/data/SDS/2012/MV/MBLG/BHE.D
/data/SDS/2012/MV/MBLG/BHN.D
/data/SDS/2012/MV/MBLG/BHZ.D
/data/SDS/2012/MV/MBLY
/data/SDS/2012/MV/MBLY/BHE.D
/data/SDS/2012/MV/MBLY/BHN.D
/data/SDS/2012/MV/MBLY/BHZ.D
/data/SDS/2012/MV/MBRY
/data/SDS/2012/MV/MBRY/BHE.D
/data/SDS/2012/MV/MBRY/BHN.D
/data/SDS/2012/MV/MBRY/BHZ.D
/data/SDS/2012/MV/MBWH
/data/SDS/2012/MV/MBWH/BHE.D
/data/SDS/2012/MV/MBWH/BHN.D
/data/SDS/2012/MV/MBWH/BHZ.D
/data/SDS/2012/MV/MBWW
/data/SDS/2012/MV/MBWW/HHE.D
/data/SDS/2012/MV/MBWW/HHN.D
/data/SDS/2012/MV/MBWW/HHZ.D
/data/SDS/2012/NR
/data/SDS/2012/NR/ALEJ
/data/SDS/2012/NR/ALEJ/HHE.D
/data/SDS/2012/NR/ALEJ/HHN.D
/data/SDS/2012/NR/ALEJ/HHZ.D
/data/SDS/2012/NR/ALF1
/data/SDS/2012/NR/ALF1/HHE.D
/data/SDS/2012/NR/ALF1/HHN.D
/data/SDS/2012/NR/ALF1/HHZ.D
/data/SDS/2012/NR/ANIL
/data/SDS/2012/NR/ANIL/HHE.D
/data/SDS/2012/NR/ANIL/HHN.D
/data/SDS/2012/NR/ANIL/HHZ.D
/data/SDS/2012/NR/ESME
/data/SDS/2012/NR/ESME/HHE.D
/data/SDS/2012/NR/ESME/HHN.D
/data/SDS/2012/NR/ESME/HHZ.D
/data/SDS/2012/NR/LAGU
/data/SDS/2012/NR/LAGU/HHE.D
/data/SDS/2012/NR/LAGU/HHN.D
/data/SDS/2012/NR/LAGU/HHZ.D
/data/SDS/2012/NR/PIRA
/data/SDS/2012/NR/PIRA/HHE.D
/data/SDS/2012/NR/PIRA/HHN.D
/data/SDS/2012/NR/PIRA/HHZ.D
/data/SDS/2012/NR/RREF
/data/SDS/2012/NR/RREF/HHE.D
/data/SDS/2012/NR/RREF/HHM.D
/data/SDS/2012/NR/RREF/HHN.D
/data/SDS/2012/NR/RREF/HHZ.D
/data/SDS/2012/NR/RUB4
/data/SDS/2012/NR/RUB4/HHE.D
/data/SDS/2012/NR/RUB4/HHN.D
/data/SDS/2012/NR/RUB4/HHZ.D
/data/SDS/2012/NR/TAPI
/data/SDS/2012/NR/TAPI/HHE.D
/data/SDS/2012/NR/TAPI/HHN.D
/data/SDS/2012/NR/TAPI/HHZ.D
/data/SDS/2012/NR/TOCH
/data/SDS/2012/NR/TOCH/HHE.D
/data/SDS/2012/NR/TOCH/HHN.D
/data/SDS/2012/NR/TOCH/HHZ.D
/data/SDS/2012/TA
/data/SDS/2012/TA/TOLK
/data/SDS/2012/TA/TOLK/BDF.D
/data/SDS/2013
/data/SDS/2013/AK
/data/SDS/2013/AK/NIKH
/data/SDS/2013/AK/NIKH/BHE.D
/data/SDS/2013/AK/NIKH/BHN.D
/data/SDS/2013/AK/NIKH/BHZ.D
/data/SDS/2013/AV
/data/SDS/2013/AV/AKS
/data/SDS/2013/AV/AKS/BDF.D
/data/SDS/2013/AV/AUE
/data/SDS/2013/AV/AUE/BDF.D
/data/SDS/2013/AV/AUE/BDL.D
/data/SDS/2013/AV/DFR
/data/SDS/2013/AV/DFR/BDF.D
/data/SDS/2013/AV/DFR/BDL.D
/data/SDS/2013/AV/DLL1
/data/SDS/2013/AV/DLL1/BDF.D
/data/SDS/2013/AV/DLL2
/data/SDS/2013/AV/DLL2/BDF.D
/data/SDS/2013/AV/DLL3
/data/SDS/2013/AV/DLL3/BDF.D
/data/SDS/2013/AV/DLL4
/data/SDS/2013/AV/DLL4/BDF.D
/data/SDS/2013/AV/DLL5
/data/SDS/2013/AV/DLL5/BDF.D
/data/SDS/2013/AV/DLL6
/data/SDS/2013/AV/DLL6/BDF.D
/data/SDS/2013/AV/DOL
/data/SDS/2013/AV/DOL/EHZ.D
/data/SDS/2013/AV/FONW
/data/SDS/2013/AV/FONW/BDF.D
/data/SDS/2013/AV/FONW/BDL.D
/data/SDS/2013/AV/FOSS
/data/SDS/2013/AV/FOSS/BDF.D
/data/SDS/2013/AV/FOSS/BDL.D
/data/SDS/2013/AV/HAG
/data/SDS/2013/AV/HAG/EHZ.D
/data/SDS/2013/AV/MSW
/data/SDS/2013/AV/MSW/BDF.D
/data/SDS/2013/AV/OK03
/data/SDS/2013/AV/OK03/BDF.D
/data/SDS/2013/AV/OK04
/data/SDS/2013/AV/OK04/BDF.D
/data/SDS/2013/AV/PN7A
/data/SDS/2013/AV/PN7A/BDF.D
/data/SDS/2013/AV/PN7A/EHZ.D
/data/SDS/2013/AV/PS1A
/data/SDS/2013/AV/PS1A/EHZ.D
/data/SDS/2013/AV/PS4A
/data/SDS/2013/AV/PS4A/EHZ.D
/data/SDS/2013/AV/PV6
/data/SDS/2013/AV/PV6/EHE.D
/data/SDS/2013/AV/PV6/EHN.D
/data/SDS/2013/AV/PV6/EHZ.D
/data/SDS/2013/AV/PVV
/data/SDS/2013/AV/PVV/EHZ.D
/data/SDS/2013/AV/SSLN
/data/SDS/2013/AV/SSLN/BDF.D
/data/SDS/2013/AV/VNFG
/data/SDS/2013/AV/VNFG/EHZ.D
/data/SDS/2013/AV/VNHG
/data/SDS/2013/AV/VNHG/EHZ.D
/data/SDS/2013/AV/VNKR
/data/SDS/2013/AV/VNKR/EHZ.D
/data/SDS/2013/AV/VNNF
/data/SDS/2013/AV/VNNF/EHZ.D
/data/SDS/2013/AV/VNSG
/data/SDS/2013/AV/VNSG/EHZ.D
/data/SDS/2013/AV/VNSS
/data/SDS/2013/AV/VNSS/EHZ.D
/data/SDS/2013/AV/VNSW
/data/SDS/2013/AV/VNSW/EHZ.D
/data/SDS/2013/AV/VNWF
/data/SDS/2013/AV/VNWF/EHZ.D
/data/SDS/2013/BR
/data/SDS/2013/BR/DLL1
/data/SDS/2013/BR/DLL1/BDF.D
/data/SDS/2013/BR/OK01
/data/SDS/2013/BR/OK01/BDF.D
/data/SDS/2013/BR/OK02
/data/SDS/2013/BR/OK02/BDF.D
/data/SDS/2013/BR/OK03
/data/SDS/2013/BR/OK03/BDF.D
/data/SDS/2013/BR/OK04
/data/SDS/2013/BR/OK04/BDF.D
/data/SDS/2013/BR/OK05
/data/SDS/2013/BR/OK05/BDF.D
/data/SDS/2013/BR/OK06
/data/SDS/2013/BR/OK06/BDF.D
/data/SDS/2013/NZ
/data/SDS/2013/NZ/WIZ
/data/SDS/2013/NZ/WIZ/HHE.D
/data/SDS/2013/NZ/WIZ/HHN.D
/data/SDS/2013/NZ/WIZ/HHZ.D
/data/SDS/2013/NZ/WSRZ
/data/SDS/2013/NZ/WSRZ/HHE.D
/data/SDS/2013/NZ/WSRZ/HHN.D
/data/SDS/2013/NZ/WSRZ/HHZ.D
/data/SDS/2013/TA
/data/SDS/2013/TA/EPYK
/data/SDS/2013/TA/EPYK/BDF.D
/data/SDS/2013/TA/POKR
/data/SDS/2013/TA/POKR/BDF.D
/data/SDS/2013/TA/TCOL
/data/SDS/2013/TA/TCOL/BDF.D
/data/SDS/2013/TA/TOLK
/data/SDS/2013/TA/TOLK/BDF.D
/data/SDS/2015
/data/SDS/2015/JP
/data/SDS/2015/JP/SAKA
/data/SDS/2015/JP/SAKA/BD1.D
/data/SDS/2015/JP/SAKA/BD2.D
/data/SDS/2015/JP/SAKA/BD3.D
/data/SDS/2015/JP/SAKA/HHE.D
/data/SDS/2015/JP/SAKA/HHN.D
/data/SDS/2015/JP/SAKA/HHZ.D
/data/SDS/2015/JP/SAKB
/data/SDS/2015/JP/SAKB/BD1.D
/data/SDS/2015/JP/SAKB/BD2.D
/data/SDS/2015/JP/SAKB/BD3.D
/data/SDS/2015/JP/SAKB/HHE.D
/data/SDS/2015/JP/SAKB/HHN.D
/data/SDS/2015/JP/SAKB/HHZ.D
/data/SDS/2015/JP/SAKC
/data/SDS/2015/JP/SAKC/BD1.D
/data/SDS/2015/JP/SAKC/BD2.D
/data/SDS/2015/JP/SAKC/BD3.D
/data/SDS/2015/JP/SAKC/HHE.D
/data/SDS/2015/JP/SAKC/HHN.D
/data/SDS/2015/JP/SAKC/HHZ.D
/data/SDS/2015/JP/SOH
/data/SDS/2015/JP_backup
/data/SDS/2015/JP_backup/SAKA
/data/SDS/2015/JP_backup/SAKA/BD1.D
/data/SDS/2015/JP_backup/SAKA/BD2.D
/data/SDS/2015/JP_backup/SAKA/BD3.D
/data/SDS/2015/JP_backup/SAKA/HHE.D
/data/SDS/2015/JP_backup/SAKA/HHN.D
/data/SDS/2015/JP_backup/SAKA/HHZ.D
/data/SDS/2015/JP_backup/SAKB
/data/SDS/2015/JP_backup/SAKB/BD1.D
/data/SDS/2015/JP_backup/SAKB/BD2.D
/data/SDS/2015/JP_backup/SAKB/BD3.D
/data/SDS/2015/JP_backup/SAKB/HHE.D
/data/SDS/2015/JP_backup/SAKB/HHN.D
/data/SDS/2015/JP_backup/SAKB/HHZ.D
/data/SDS/2015/JP_backup/SAKC
/data/SDS/2015/JP_backup/SAKC/BD1.D
/data/SDS/2015/JP_backup/SAKC/BD2.D
/data/SDS/2015/JP_backup/SAKC/BD3.D
/data/SDS/2015/JP_backup/SAKC/HHE.D
/data/SDS/2015/JP_backup/SAKC/HHN.D
/data/SDS/2015/JP_backup/SAKC/HHZ.D
/data/SDS/2016
/data/SDS/2016/FL
/data/SDS/2016/FL/BCHH
/data/SDS/2016/FL/BCHH/DD1.D
/data/SDS/2016/FL/BCHH/DD2.D
